2021/05/31 20:29:02 [warn] 1#1: server name "/etc/nginx/includes/server_directive_common.conf" has suspicious symbols in /etc/nginx/conf.d/default.conf:138
2021/05/31 20:29:02 [emerg] 1#1: could not build server_names_hash, you should increase server_names_hash_bucket_size: 64
2021/05/31 20:29:02 [warn] 1#1: server name "/etc/nginx/includes/server_directive_common.conf" has suspicious symbols in /etc/nginx/conf.d/default.conf:138
2021/05/31 20:29:02 [emerg] 1#1: could not build server_names_hash, you should increase server_names_hash_bucket_size: 64
2021/05/31 20:29:03 [warn] 1#1: server name "/etc/nginx/includes/server_directive_common.conf" has suspicious symbols in /etc/nginx/conf.d/default.conf:138
2021/05/31 20:29:03 [emerg] 1#1: could not build server_names_hash, you should increase server_names_hash_bucket_size: 64
2021/05/31 20:29:04 [warn] 1#1: server name "/etc/nginx/includes/server_directive_common.conf" has suspicious symbols in /etc/nginx/conf.d/default.conf:138
2021/05/31 20:29:04 [emerg] 1#1: could not build server_names_hash, you should increase server_names_hash_bucket_size: 64
2021/05/31 20:29:05 [warn] 1#1: server name "/etc/nginx/includes/server_directive_common.conf" has suspicious symbols in /etc/nginx/conf.d/default.conf:138
2021/05/31 20:29:05 [emerg] 1#1: could not build server_names_hash, you should increase server_names_hash_bucket_size: 64
2021/05/31 20:29:07 [warn] 1#1: server name "/etc/nginx/includes/server_directive_common.conf" has suspicious symbols in /etc/nginx/conf.d/default.conf:138
2021/05/31 20:29:07 [emerg] 1#1: could not build server_names_hash, you should increase server_names_hash_bucket_size: 64
2021/05/31 20:29:11 [warn] 1#1: server name "/etc/nginx/includes/server_directive_common.conf" has suspicious symbols in /etc/nginx/conf.d/default.conf:138
2021/05/31 20:29:11 [emerg] 1#1: host not found in upstream "enketo_express" in /etc/nginx/conf.d/default.conf:187
2021/05/31 20:29:18 [warn] 1#1: server name "/etc/nginx/includes/server_directive_common.conf" has suspicious symbols in /etc/nginx/conf.d/default.conf:138
2021/05/31 20:29:18 [emerg] 1#1: could not build server_names_hash, you should increase server_names_hash_bucket_size: 64
2021/05/31 20:29:31 [warn] 1#1: server name "/etc/nginx/includes/server_directive_common.conf" has suspicious symbols in /etc/nginx/conf.d/default.conf:138
2021/05/31 20:29:31 [emerg] 1#1: could not build server_names_hash, you should increase server_names_hash_bucket_size: 64
2021/05/31 20:29:57 [warn] 1#1: server name "/etc/nginx/includes/server_directive_common.conf" has suspicious symbols in /etc/nginx/conf.d/default.conf:138
2021/05/31 20:29:57 [emerg] 1#1: could not build server_names_hash, you should increase server_names_hash_bucket_size: 64
2021/05/31 20:30:45 [warn] 1#1: server name "/etc/nginx/includes/server_directive_common.conf" has suspicious symbols in /etc/nginx/conf.d/default.conf:138
2021/05/31 20:30:45 [emerg] 1#1: could not build server_names_hash, you should increase server_names_hash_bucket_size: 64
2021/05/31 20:30:46 [warn] 1#1: server name "/etc/nginx/includes/server_directive_common.conf" has suspicious symbols in /etc/nginx/conf.d/default.conf:138
2021/05/31 20:30:46 [emerg] 1#1: could not build server_names_hash, you should increase server_names_hash_bucket_size: 64
2021/05/31 20:30:47 [warn] 1#1: server name "/etc/nginx/includes/server_directive_common.conf" has suspicious symbols in /etc/nginx/conf.d/default.conf:138
2021/05/31 20:30:47 [emerg] 1#1: could not build server_names_hash, you should increase server_names_hash_bucket_size: 64
2021/05/31 20:30:47 [warn] 1#1: server name "/etc/nginx/includes/server_directive_common.conf" has suspicious symbols in /etc/nginx/conf.d/default.conf:138
2021/05/31 20:30:47 [emerg] 1#1: could not build server_names_hash, you should increase server_names_hash_bucket_size: 64
2021/05/31 20:30:49 [warn] 1#1: server name "/etc/nginx/includes/server_directive_common.conf" has suspicious symbols in /etc/nginx/conf.d/default.conf:138
2021/05/31 20:30:49 [emerg] 1#1: could not build server_names_hash, you should increase server_names_hash_bucket_size: 64
2021/05/31 20:30:51 [warn] 1#1: server name "/etc/nginx/includes/server_directive_common.conf" has suspicious symbols in /etc/nginx/conf.d/default.conf:138
2021/05/31 20:30:51 [emerg] 1#1: could not build server_names_hash, you should increase server_names_hash_bucket_size: 64
2021/05/31 20:30:55 [warn] 1#1: server name "/etc/nginx/includes/server_directive_common.conf" has suspicious symbols in /etc/nginx/conf.d/default.conf:138
2021/05/31 20:30:55 [emerg] 1#1: host not found in upstream "enketo_express" in /etc/nginx/conf.d/default.conf:187
2021/05/31 20:31:02 [warn] 1#1: server name "/etc/nginx/includes/server_directive_common.conf" has suspicious symbols in /etc/nginx/conf.d/default.conf:138
2021/05/31 20:31:02 [emerg] 1#1: could not build server_names_hash, you should increase server_names_hash_bucket_size: 64
2021/05/31 20:31:15 [warn] 1#1: server name "/etc/nginx/includes/server_directive_common.conf" has suspicious symbols in /etc/nginx/conf.d/default.conf:138
2021/05/31 20:31:15 [emerg] 1#1: could not build server_names_hash, you should increase server_names_hash_bucket_size: 64
2021/05/31 20:31:41 [warn] 1#1: server name "/etc/nginx/includes/server_directive_common.conf" has suspicious symbols in /etc/nginx/conf.d/default.conf:138
2021/05/31 20:31:41 [emerg] 1#1: could not build server_names_hash, you should increase server_names_hash_bucket_size: 64
2021/05/31 20:32:26 [warn] 1#1: server name "/etc/nginx/includes/server_directive_common.conf" has suspicious symbols in /etc/nginx/conf.d/default.conf:138
2021/05/31 20:32:26 [emerg] 1#1: could not build server_names_hash, you should increase server_names_hash_bucket_size: 64
2021/05/31 20:32:27 [warn] 1#1: server name "/etc/nginx/includes/server_directive_common.conf" has suspicious symbols in /etc/nginx/conf.d/default.conf:138
2021/05/31 20:32:27 [emerg] 1#1: could not build server_names_hash, you should increase server_names_hash_bucket_size: 64
2021/05/31 20:32:28 [warn] 1#1: server name "/etc/nginx/includes/server_directive_common.conf" has suspicious symbols in /etc/nginx/conf.d/default.conf:138
2021/05/31 20:32:28 [emerg] 1#1: could not build server_names_hash, you should increase server_names_hash_bucket_size: 64
2021/05/31 20:32:30 [warn] 1#1: server name "/etc/nginx/includes/server_directive_common.conf" has suspicious symbols in /etc/nginx/conf.d/default.conf:138
2021/05/31 20:32:30 [emerg] 1#1: could not build server_names_hash, you should increase server_names_hash_bucket_size: 64
2021/05/31 20:32:32 [warn] 1#1: server name "/etc/nginx/includes/server_directive_common.conf" has suspicious symbols in /etc/nginx/conf.d/default.conf:138
2021/05/31 20:32:32 [emerg] 1#1: could not build server_names_hash, you should increase server_names_hash_bucket_size: 64
2021/05/31 20:32:35 [warn] 1#1: server name "/etc/nginx/includes/server_directive_common.conf" has suspicious symbols in /etc/nginx/conf.d/default.conf:138
2021/05/31 20:32:35 [emerg] 1#1: could not build server_names_hash, you should increase server_names_hash_bucket_size: 64
2021/05/31 20:32:40 [warn] 1#1: server name "/etc/nginx/includes/server_directive_common.conf" has suspicious symbols in /etc/nginx/conf.d/default.conf:138
2021/05/31 20:32:40 [emerg] 1#1: could not build server_names_hash, you should increase server_names_hash_bucket_size: 64
2021/05/31 20:32:47 [warn] 1#1: server name "/etc/nginx/includes/server_directive_common.conf" has suspicious symbols in /etc/nginx/conf.d/default.conf:138
2021/05/31 20:32:47 [emerg] 1#1: could not build server_names_hash, you should increase server_names_hash_bucket_size: 64
2021/05/31 20:33:00 [warn] 1#1: server name "/etc/nginx/includes/server_directive_common.conf" has suspicious symbols in /etc/nginx/conf.d/default.conf:138
2021/05/31 20:33:00 [emerg] 1#1: could not build server_names_hash, you should increase server_names_hash_bucket_size: 64
2021/05/31 20:33:26 [warn] 1#1: server name "/etc/nginx/includes/server_directive_common.conf" has suspicious symbols in /etc/nginx/conf.d/default.conf:138
2021/05/31 20:33:26 [emerg] 1#1: could not build server_names_hash, you should increase server_names_hash_bucket_size: 64
2021/05/31 20:34:18 [warn] 1#1: server name "/etc/nginx/includes/server_directive_common.conf" has suspicious symbols in /etc/nginx/conf.d/default.conf:138
2021/05/31 20:34:18 [emerg] 1#1: could not build server_names_hash, you should increase server_names_hash_bucket_size: 64
2021/05/31 20:35:18 [warn] 1#1: server name "/etc/nginx/includes/server_directive_common.conf" has suspicious symbols in /etc/nginx/conf.d/default.conf:138
2021/05/31 20:35:18 [emerg] 1#1: could not build server_names_hash, you should increase server_names_hash_bucket_size: 64
2021/05/31 20:36:19 [warn] 1#1: server name "/etc/nginx/includes/server_directive_common.conf" has suspicious symbols in /etc/nginx/conf.d/default.conf:138
2021/05/31 20:36:19 [emerg] 1#1: could not build server_names_hash, you should increase server_names_hash_bucket_size: 64
2021/05/31 20:37:19 [warn] 1#1: server name "/etc/nginx/includes/server_directive_common.conf" has suspicious symbols in /etc/nginx/conf.d/default.conf:138
2021/05/31 20:37:19 [emerg] 1#1: could not build server_names_hash, you should increase server_names_hash_bucket_size: 64
2021/05/31 20:38:20 [warn] 1#1: server name "/etc/nginx/includes/server_directive_common.conf" has suspicious symbols in /etc/nginx/conf.d/default.conf:138
2021/05/31 20:38:20 [emerg] 1#1: could not build server_names_hash, you should increase server_names_hash_bucket_size: 64
2021/05/31 20:39:20 [warn] 1#1: server name "/etc/nginx/includes/server_directive_common.conf" has suspicious symbols in /etc/nginx/conf.d/default.conf:138
2021/05/31 20:39:20 [emerg] 1#1: could not build server_names_hash, you should increase server_names_hash_bucket_size: 64
2021/05/31 20:40:21 [warn] 1#1: server name "/etc/nginx/includes/server_directive_common.conf" has suspicious symbols in /etc/nginx/conf.d/default.conf:138
2021/05/31 20:40:21 [emerg] 1#1: could not build server_names_hash, you should increase server_names_hash_bucket_size: 64
2021/05/31 20:41:21 [warn] 1#1: server name "/etc/nginx/includes/server_directive_common.conf" has suspicious symbols in /etc/nginx/conf.d/default.conf:138
2021/05/31 20:41:21 [emerg] 1#1: could not build server_names_hash, you should increase server_names_hash_bucket_size: 64
2021/05/31 20:42:22 [warn] 1#1: server name "/etc/nginx/includes/server_directive_common.conf" has suspicious symbols in /etc/nginx/conf.d/default.conf:138
2021/05/31 20:42:22 [emerg] 1#1: could not build server_names_hash, you should increase server_names_hash_bucket_size: 64
2021/05/31 20:43:19 [warn] 1#1: server name "/etc/nginx/includes/server_directive_common.conf" has suspicious symbols in /etc/nginx/conf.d/default.conf:138
2021/05/31 20:43:19 [emerg] 1#1: could not build server_names_hash, you should increase server_names_hash_bucket_size: 64
2021/05/31 20:43:20 [warn] 1#1: server name "/etc/nginx/includes/server_directive_common.conf" has suspicious symbols in /etc/nginx/conf.d/default.conf:138
2021/05/31 20:43:20 [emerg] 1#1: could not build server_names_hash, you should increase server_names_hash_bucket_size: 64
2021/05/31 20:43:21 [warn] 1#1: server name "/etc/nginx/includes/server_directive_common.conf" has suspicious symbols in /etc/nginx/conf.d/default.conf:138
2021/05/31 20:43:21 [emerg] 1#1: could not build server_names_hash, you should increase server_names_hash_bucket_size: 64
2021/05/31 20:43:21 [warn] 1#1: server name "/etc/nginx/includes/server_directive_common.conf" has suspicious symbols in /etc/nginx/conf.d/default.conf:138
2021/05/31 20:43:21 [emerg] 1#1: could not build server_names_hash, you should increase server_names_hash_bucket_size: 64
2021/05/31 20:43:23 [warn] 1#1: server name "/etc/nginx/includes/server_directive_common.conf" has suspicious symbols in /etc/nginx/conf.d/default.conf:138
2021/05/31 20:43:23 [emerg] 1#1: could not build server_names_hash, you should increase server_names_hash_bucket_size: 64
2021/05/31 20:43:25 [warn] 1#1: server name "/etc/nginx/includes/server_directive_common.conf" has suspicious symbols in /etc/nginx/conf.d/default.conf:138
2021/05/31 20:43:25 [emerg] 1#1: could not build server_names_hash, you should increase server_names_hash_bucket_size: 64
2021/05/31 20:43:29 [warn] 1#1: server name "/etc/nginx/includes/server_directive_common.conf" has suspicious symbols in /etc/nginx/conf.d/default.conf:138
2021/05/31 20:43:29 [emerg] 1#1: could not build server_names_hash, you should increase server_names_hash_bucket_size: 64
2021/05/31 20:43:36 [warn] 1#1: server name "/etc/nginx/includes/server_directive_common.conf" has suspicious symbols in /etc/nginx/conf.d/default.conf:138
2021/05/31 20:43:36 [emerg] 1#1: could not build server_names_hash, you should increase server_names_hash_bucket_size: 64
2021/05/31 20:43:49 [warn] 1#1: server name "/etc/nginx/includes/server_directive_common.conf" has suspicious symbols in /etc/nginx/conf.d/default.conf:138
2021/05/31 20:43:49 [emerg] 1#1: could not build server_names_hash, you should increase server_names_hash_bucket_size: 64
2021/05/31 20:44:15 [warn] 1#1: server name "/etc/nginx/includes/server_directive_common.conf" has suspicious symbols in /etc/nginx/conf.d/default.conf:138
2021/05/31 20:44:15 [emerg] 1#1: could not build server_names_hash, you should increase server_names_hash_bucket_size: 64
2021/05/31 20:44:16 [warn] 1#1: server name "/etc/nginx/includes/server_directive_common.conf" has suspicious symbols in /etc/nginx/conf.d/default.conf:138
2021/05/31 20:44:16 [emerg] 1#1: could not build server_names_hash, you should increase server_names_hash_bucket_size: 64
2021/05/31 20:44:17 [warn] 1#1: server name "/etc/nginx/includes/server_directive_common.conf" has suspicious symbols in /etc/nginx/conf.d/default.conf:138
2021/05/31 20:44:17 [emerg] 1#1: could not build server_names_hash, you should increase server_names_hash_bucket_size: 64
2021/05/31 20:44:17 [warn] 1#1: server name "/etc/nginx/includes/server_directive_common.conf" has suspicious symbols in /etc/nginx/conf.d/default.conf:138
2021/05/31 20:44:17 [emerg] 1#1: could not build server_names_hash, you should increase server_names_hash_bucket_size: 64
2021/05/31 20:44:18 [warn] 1#1: server name "/etc/nginx/includes/server_directive_common.conf" has suspicious symbols in /etc/nginx/conf.d/default.conf:138
2021/05/31 20:44:18 [emerg] 1#1: could not build server_names_hash, you should increase server_names_hash_bucket_size: 64
2021/05/31 20:44:19 [warn] 1#1: server name "/etc/nginx/includes/server_directive_common.conf" has suspicious symbols in /etc/nginx/conf.d/default.conf:138
2021/05/31 20:44:19 [emerg] 1#1: could not build server_names_hash, you should increase server_names_hash_bucket_size: 64
2021/05/31 20:44:21 [warn] 1#1: server name "/etc/nginx/includes/server_directive_common.conf" has suspicious symbols in /etc/nginx/conf.d/default.conf:138
2021/05/31 20:44:21 [emerg] 1#1: could not build server_names_hash, you should increase server_names_hash_bucket_size: 64
2021/05/31 20:44:25 [warn] 1#1: server name "/etc/nginx/includes/server_directive_common.conf" has suspicious symbols in /etc/nginx/conf.d/default.conf:138
2021/05/31 20:44:25 [emerg] 1#1: could not build server_names_hash, you should increase server_names_hash_bucket_size: 64
2021/05/31 20:44:32 [warn] 1#1: server name "/etc/nginx/includes/server_directive_common.conf" has suspicious symbols in /etc/nginx/conf.d/default.conf:138
2021/05/31 20:44:32 [emerg] 1#1: could not build server_names_hash, you should increase server_names_hash_bucket_size: 64
2021/05/31 20:44:46 [warn] 1#1: server name "/etc/nginx/includes/server_directive_common.conf" has suspicious symbols in /etc/nginx/conf.d/default.conf:138
2021/05/31 20:44:46 [emerg] 1#1: could not build server_names_hash, you should increase server_names_hash_bucket_size: 64
2021/05/31 20:45:12 [warn] 1#1: server name "/etc/nginx/includes/server_directive_common.conf" has suspicious symbols in /etc/nginx/conf.d/default.conf:138
2021/05/31 20:45:12 [emerg] 1#1: could not build server_names_hash, you should increase server_names_hash_bucket_size: 64
2021/06/01 02:02:01 [emerg] 1#1: no port in upstream "kobo_naxa_server" in /etc/nginx/conf.d/default.conf:149
2021/06/01 02:02:02 [emerg] 1#1: no port in upstream "kobo_naxa_server" in /etc/nginx/conf.d/default.conf:149
2021/06/01 02:02:02 [emerg] 1#1: no port in upstream "kobo_naxa_server" in /etc/nginx/conf.d/default.conf:149
2021/06/01 02:02:03 [emerg] 1#1: no port in upstream "kobo_naxa_server" in /etc/nginx/conf.d/default.conf:149
2021/06/01 02:02:05 [emerg] 1#1: no port in upstream "kobo_naxa_server" in /etc/nginx/conf.d/default.conf:149
2021/06/01 02:02:07 [emerg] 1#1: no port in upstream "kobo_naxa_server" in /etc/nginx/conf.d/default.conf:149
2021/06/01 02:02:11 [emerg] 1#1: no port in upstream "kobo_naxa_server" in /etc/nginx/conf.d/default.conf:149
2021/06/01 02:02:18 [emerg] 1#1: no port in upstream "kobo_naxa_server" in /etc/nginx/conf.d/default.conf:149
2021/06/01 02:02:31 [emerg] 1#1: no port in upstream "kobo_naxa_server" in /etc/nginx/conf.d/default.conf:149
2021/06/01 02:02:57 [emerg] 1#1: no port in upstream "kobo_naxa_server" in /etc/nginx/conf.d/default.conf:149
2021/06/01 02:03:49 [emerg] 1#1: no port in upstream "kobo_naxa_server" in /etc/nginx/conf.d/default.conf:149
2021/06/01 02:04:12 [emerg] 1#1: no port in upstream "kobo_naxa_server" in /etc/nginx/conf.d/default.conf:149
2021/06/01 02:04:13 [emerg] 1#1: no port in upstream "kobo_naxa_server" in /etc/nginx/conf.d/default.conf:149
2021/06/01 02:04:14 [emerg] 1#1: no port in upstream "kobo_naxa_server" in /etc/nginx/conf.d/default.conf:149
2021/06/01 02:04:14 [emerg] 1#1: no port in upstream "kobo_naxa_server" in /etc/nginx/conf.d/default.conf:149
2021/06/01 02:04:16 [emerg] 1#1: no port in upstream "kobo_naxa_server" in /etc/nginx/conf.d/default.conf:149
2021/06/01 02:04:18 [emerg] 1#1: no port in upstream "kobo_naxa_server" in /etc/nginx/conf.d/default.conf:149
2021/06/01 02:04:21 [emerg] 1#1: no port in upstream "kobo_naxa_server" in /etc/nginx/conf.d/default.conf:149
2021/06/01 02:04:28 [emerg] 1#1: no port in upstream "kobo_naxa_server" in /etc/nginx/conf.d/default.conf:149
2021/06/01 02:04:42 [emerg] 1#1: no port in upstream "kobo_naxa_server" in /etc/nginx/conf.d/default.conf:149
2021/06/01 02:11:03 [emerg] 1#1: no port in upstream "kobo_naxa_server" in /etc/nginx/conf.d/default.conf:149
2021/06/01 02:11:04 [emerg] 1#1: no port in upstream "kobo_naxa_server" in /etc/nginx/conf.d/default.conf:149
2021/06/01 02:11:05 [emerg] 1#1: no port in upstream "kobo_naxa_server" in /etc/nginx/conf.d/default.conf:149
2021/06/01 02:11:06 [emerg] 1#1: no port in upstream "kobo_naxa_server" in /etc/nginx/conf.d/default.conf:149
2021/06/01 02:11:07 [emerg] 1#1: no port in upstream "kobo_naxa_server" in /etc/nginx/conf.d/default.conf:149
2021/06/01 02:11:09 [emerg] 1#1: no port in upstream "kobo_naxa_server" in /etc/nginx/conf.d/default.conf:149
2021/06/01 02:11:13 [emerg] 1#1: no port in upstream "kobo_naxa_server" in /etc/nginx/conf.d/default.conf:149
2021/06/01 02:11:20 [emerg] 1#1: no port in upstream "kobo_naxa_server" in /etc/nginx/conf.d/default.conf:149
2021/06/01 02:11:33 [emerg] 1#1: no port in upstream "kobo_naxa_server" in /etc/nginx/conf.d/default.conf:149
2021/06/01 02:11:59 [emerg] 1#1: no port in upstream "kobo_naxa_server" in /etc/nginx/conf.d/default.conf:149
2021/06/01 02:13:04 [emerg] 1#1: host not found in upstream "kobocat" in /etc/nginx/includes/kobocat_proxy_pass.conf:4
2021/06/01 02:13:05 [emerg] 1#1: host not found in upstream "kobocat" in /etc/nginx/includes/kobocat_proxy_pass.conf:4
2021/06/01 02:13:06 [emerg] 1#1: host not found in upstream "kobocat" in /etc/nginx/includes/kobocat_proxy_pass.conf:4
2021/06/01 02:29:35 [emerg] 1#1: server name "." is invalid in /etc/nginx/conf.d/default.conf:40
2021/06/01 02:29:35 [emerg] 1#1: server name "." is invalid in /etc/nginx/conf.d/default.conf:40
2021/06/01 02:29:37 [emerg] 1#1: server name "." is invalid in /etc/nginx/conf.d/default.conf:40
2021/06/01 02:29:38 [emerg] 1#1: server name "." is invalid in /etc/nginx/conf.d/default.conf:40
2021/06/01 02:29:40 [emerg] 1#1: server name "." is invalid in /etc/nginx/conf.d/default.conf:40
2021/06/01 02:29:42 [emerg] 1#1: server name "." is invalid in /etc/nginx/conf.d/default.conf:40
2021/06/01 02:29:46 [emerg] 1#1: server name "." is invalid in /etc/nginx/conf.d/default.conf:40
2021/06/01 02:29:53 [emerg] 1#1: server name "." is invalid in /etc/nginx/conf.d/default.conf:40
2021/06/01 02:30:06 [emerg] 1#1: server name "." is invalid in /etc/nginx/conf.d/default.conf:40
2021/06/01 02:30:32 [emerg] 1#1: server name "." is invalid in /etc/nginx/conf.d/default.conf:40
2021/06/01 02:30:57 [emerg] 1#1: server name "." is invalid in /etc/nginx/conf.d/default.conf:40
2021/06/01 02:30:58 [emerg] 1#1: server name "." is invalid in /etc/nginx/conf.d/default.conf:40
2021/06/01 02:30:59 [emerg] 1#1: server name "." is invalid in /etc/nginx/conf.d/default.conf:40
2021/06/01 02:31:01 [emerg] 1#1: server name "." is invalid in /etc/nginx/conf.d/default.conf:40
2021/06/01 02:31:02 [emerg] 1#1: server name "." is invalid in /etc/nginx/conf.d/default.conf:40
2021/06/01 02:31:05 [emerg] 1#1: server name "." is invalid in /etc/nginx/conf.d/default.conf:40
2021/06/01 02:31:08 [emerg] 1#1: server name "." is invalid in /etc/nginx/conf.d/default.conf:40
2021/06/01 02:31:15 [emerg] 1#1: server name "." is invalid in /etc/nginx/conf.d/default.conf:40
2021/06/01 02:31:29 [emerg] 1#1: server name "." is invalid in /etc/nginx/conf.d/default.conf:40
2021/06/01 02:31:55 [emerg] 1#1: server name "." is invalid in /etc/nginx/conf.d/default.conf:40
2021/06/01 02:32:46 [emerg] 1#1: server name "." is invalid in /etc/nginx/conf.d/default.conf:40
2021/06/01 02:33:01 [emerg] 1#1: server name "." is invalid in /etc/nginx/conf.d/default.conf:40
2021/06/01 02:33:02 [emerg] 1#1: server name "." is invalid in /etc/nginx/conf.d/default.conf:40
2021/06/01 02:33:04 [emerg] 1#1: server name "." is invalid in /etc/nginx/conf.d/default.conf:40
2021/06/01 02:33:05 [emerg] 1#1: server name "." is invalid in /etc/nginx/conf.d/default.conf:40
2021/06/01 02:33:06 [emerg] 1#1: server name "." is invalid in /etc/nginx/conf.d/default.conf:40
2021/06/01 02:33:09 [emerg] 1#1: server name "." is invalid in /etc/nginx/conf.d/default.conf:40
2021/06/01 02:33:13 [emerg] 1#1: server name "." is invalid in /etc/nginx/conf.d/default.conf:40
2021/06/01 02:33:20 [emerg] 1#1: server name "." is invalid in /etc/nginx/conf.d/default.conf:40
2021/06/01 02:33:25 [emerg] 1#1: server name "." is invalid in /etc/nginx/conf.d/default.conf:40
2021/06/01 02:33:27 [emerg] 1#1: server name "." is invalid in /etc/nginx/conf.d/default.conf:40
2021/06/01 02:33:28 [emerg] 1#1: server name "." is invalid in /etc/nginx/conf.d/default.conf:40
2021/06/01 02:33:29 [emerg] 1#1: server name "." is invalid in /etc/nginx/conf.d/default.conf:40
2021/06/01 02:33:31 [emerg] 1#1: server name "." is invalid in /etc/nginx/conf.d/default.conf:40
2021/06/01 02:33:33 [emerg] 1#1: server name "." is invalid in /etc/nginx/conf.d/default.conf:40
2021/06/01 02:33:37 [emerg] 1#1: server name "." is invalid in /etc/nginx/conf.d/default.conf:40
2021/06/01 02:33:44 [emerg] 1#1: server name "." is invalid in /etc/nginx/conf.d/default.conf:40
2021/06/01 02:33:58 [emerg] 1#1: server name "." is invalid in /etc/nginx/conf.d/default.conf:40
2021/06/01 02:34:24 [emerg] 1#1: server name "." is invalid in /etc/nginx/conf.d/default.conf:40
2021/06/01 02:35:15 [emerg] 1#1: server name "." is invalid in /etc/nginx/conf.d/default.conf:40
2021/06/01 02:36:16 [emerg] 1#1: server name "." is invalid in /etc/nginx/conf.d/default.conf:40
2021/06/01 02:36:30 [emerg] 1#1: server name "." is invalid in /etc/nginx/conf.d/default.conf:40
2021/06/01 02:36:31 [emerg] 1#1: server name "." is invalid in /etc/nginx/conf.d/default.conf:40
2021/06/01 02:36:32 [emerg] 1#1: server name "." is invalid in /etc/nginx/conf.d/default.conf:40
2021/06/01 02:36:34 [emerg] 1#1: server name "." is invalid in /etc/nginx/conf.d/default.conf:40
2021/06/01 02:36:35 [emerg] 1#1: server name "." is invalid in /etc/nginx/conf.d/default.conf:40
2021/06/01 02:36:38 [emerg] 1#1: server name "." is invalid in /etc/nginx/conf.d/default.conf:40
2021/06/01 02:36:41 [emerg] 1#1: server name "." is invalid in /etc/nginx/conf.d/default.conf:40
2021/06/01 02:36:48 [emerg] 1#1: server name "." is invalid in /etc/nginx/conf.d/default.conf:40
2021/06/01 02:37:02 [emerg] 1#1: server name "." is invalid in /etc/nginx/conf.d/default.conf:40
2021/06/01 02:37:08 [emerg] 1#1: server name "." is invalid in /etc/nginx/conf.d/default.conf:40
2021/06/01 02:37:09 [emerg] 1#1: server name "." is invalid in /etc/nginx/conf.d/default.conf:40
2021/06/01 02:37:10 [emerg] 1#1: server name "." is invalid in /etc/nginx/conf.d/default.conf:40
2021/06/01 02:37:12 [emerg] 1#1: server name "." is invalid in /etc/nginx/conf.d/default.conf:40
2021/06/01 02:37:13 [emerg] 1#1: server name "." is invalid in /etc/nginx/conf.d/default.conf:40
2021/06/01 02:37:16 [emerg] 1#1: server name "." is invalid in /etc/nginx/conf.d/default.conf:40
2021/06/01 02:37:20 [emerg] 1#1: server name "." is invalid in /etc/nginx/conf.d/default.conf:40
2021/06/01 02:37:27 [emerg] 1#1: server name "." is invalid in /etc/nginx/conf.d/default.conf:40
2021/06/01 02:37:40 [emerg] 1#1: server name "." is invalid in /etc/nginx/conf.d/default.conf:40
2021/06/01 02:38:06 [emerg] 1#1: server name "." is invalid in /etc/nginx/conf.d/default.conf:40
2021/06/01 02:38:22 [emerg] 1#1: server name "." is invalid in /etc/nginx/conf.d/default.conf:40
2021/06/01 02:38:23 [emerg] 1#1: server name "." is invalid in /etc/nginx/conf.d/default.conf:40
2021/06/01 02:38:24 [emerg] 1#1: server name "." is invalid in /etc/nginx/conf.d/default.conf:40
2021/06/01 02:38:25 [emerg] 1#1: server name "." is invalid in /etc/nginx/conf.d/default.conf:40
2021/06/01 02:38:27 [emerg] 1#1: server name "." is invalid in /etc/nginx/conf.d/default.conf:40
2021/06/01 02:38:29 [emerg] 1#1: server name "." is invalid in /etc/nginx/conf.d/default.conf:40
2021/06/01 02:38:33 [emerg] 1#1: server name "." is invalid in /etc/nginx/conf.d/default.conf:40
2021/06/01 02:38:40 [emerg] 1#1: server name "." is invalid in /etc/nginx/conf.d/default.conf:40
2021/06/01 02:38:54 [emerg] 1#1: server name "." is invalid in /etc/nginx/conf.d/default.conf:40
2021/06/01 02:39:20 [emerg] 1#1: server name "." is invalid in /etc/nginx/conf.d/default.conf:40
2021/06/01 02:40:11 [emerg] 1#1: server name "." is invalid in /etc/nginx/conf.d/default.conf:40
2021/06/01 02:41:12 [emerg] 1#1: server name "." is invalid in /etc/nginx/conf.d/default.conf:40
2021/06/01 02:42:04 [emerg] 1#1: server name "." is invalid in /etc/nginx/conf.d/default.conf:40
2021/06/01 02:42:05 [emerg] 1#1: server name "." is invalid in /etc/nginx/conf.d/default.conf:40
2021/06/01 02:42:06 [emerg] 1#1: server name "." is invalid in /etc/nginx/conf.d/default.conf:40
2021/06/01 02:42:07 [emerg] 1#1: server name "." is invalid in /etc/nginx/conf.d/default.conf:40
2021/06/01 02:42:09 [emerg] 1#1: server name "." is invalid in /etc/nginx/conf.d/default.conf:40
2021/06/01 02:42:11 [emerg] 1#1: server name "." is invalid in /etc/nginx/conf.d/default.conf:40
2021/06/01 02:42:16 [emerg] 1#1: server name "." is invalid in /etc/nginx/conf.d/default.conf:40
2021/06/01 02:42:23 [emerg] 1#1: server name "." is invalid in /etc/nginx/conf.d/default.conf:40
2021/06/01 02:42:36 [emerg] 1#1: server name "." is invalid in /etc/nginx/conf.d/default.conf:40
2021/06/01 02:43:02 [emerg] 1#1: server name "." is invalid in /etc/nginx/conf.d/default.conf:40
2021/06/01 02:43:58 [emerg] 1#1: server name "." is invalid in /etc/nginx/conf.d/default.conf:40
2021/06/01 02:43:59 [emerg] 1#1: server name "." is invalid in /etc/nginx/conf.d/default.conf:40
2021/06/01 02:44:01 [emerg] 1#1: server name "." is invalid in /etc/nginx/conf.d/default.conf:40
2021/06/01 02:44:03 [emerg] 1#1: server name "." is invalid in /etc/nginx/conf.d/default.conf:40
2021/06/01 02:44:05 [emerg] 1#1: server name "." is invalid in /etc/nginx/conf.d/default.conf:40
2021/06/01 02:44:07 [emerg] 1#1: server name "." is invalid in /etc/nginx/conf.d/default.conf:40
2021/06/01 02:44:11 [emerg] 1#1: server name "." is invalid in /etc/nginx/conf.d/default.conf:40
2021/06/01 02:44:17 [emerg] 1#1: server name "." is invalid in /etc/nginx/conf.d/default.conf:40
2021/06/01 02:44:31 [emerg] 1#1: server name "." is invalid in /etc/nginx/conf.d/default.conf:40
2021/06/01 02:44:57 [emerg] 1#1: server name "." is invalid in /etc/nginx/conf.d/default.conf:40
2021/06/01 02:45:48 [emerg] 1#1: server name "." is invalid in /etc/nginx/conf.d/default.conf:40
2021/06/01 02:46:49 [emerg] 1#1: server name "." is invalid in /etc/nginx/conf.d/default.conf:40
2021/06/01 02:47:49 [emerg] 1#1: server name "." is invalid in /etc/nginx/conf.d/default.conf:40
2021/06/01 02:48:50 [emerg] 1#1: server name "." is invalid in /etc/nginx/conf.d/default.conf:40
2021/06/01 02:49:50 [emerg] 1#1: server name "." is invalid in /etc/nginx/conf.d/default.conf:40
2021/06/01 02:50:51 [emerg] 1#1: server name "." is invalid in /etc/nginx/conf.d/default.conf:40
2021/06/01 02:51:51 [emerg] 1#1: server name "." is invalid in /etc/nginx/conf.d/default.conf:40
2021/06/01 02:52:30 [emerg] 1#1: server name "." is invalid in /etc/nginx/conf.d/default.conf:40
2021/06/01 02:52:31 [emerg] 1#1: server name "." is invalid in /etc/nginx/conf.d/default.conf:40
2021/06/01 02:52:33 [emerg] 1#1: server name "." is invalid in /etc/nginx/conf.d/default.conf:40
2021/06/01 02:52:34 [emerg] 1#1: server name "." is invalid in /etc/nginx/conf.d/default.conf:40
2021/06/01 02:52:36 [emerg] 1#1: server name "." is invalid in /etc/nginx/conf.d/default.conf:40
2021/06/01 02:52:38 [emerg] 1#1: server name "." is invalid in /etc/nginx/conf.d/default.conf:40
2021/06/01 02:52:42 [emerg] 1#1: server name "." is invalid in /etc/nginx/conf.d/default.conf:40
2021/06/01 02:52:49 [emerg] 1#1: server name "." is invalid in /etc/nginx/conf.d/default.conf:40
2021/06/01 02:53:02 [emerg] 1#1: server name "." is invalid in /etc/nginx/conf.d/default.conf:40
2021/06/01 02:53:11 [emerg] 1#1: server name "." is invalid in /etc/nginx/conf.d/default.conf:40
2021/06/01 02:53:12 [emerg] 1#1: server name "." is invalid in /etc/nginx/conf.d/default.conf:40
2021/06/01 02:53:13 [emerg] 1#1: server name "." is invalid in /etc/nginx/conf.d/default.conf:40
2021/06/01 02:53:14 [emerg] 1#1: server name "." is invalid in /etc/nginx/conf.d/default.conf:40
2021/06/01 02:53:16 [emerg] 1#1: server name "." is invalid in /etc/nginx/conf.d/default.conf:40
2021/06/01 02:53:18 [emerg] 1#1: server name "." is invalid in /etc/nginx/conf.d/default.conf:40
2021/06/01 02:53:22 [emerg] 1#1: server name "." is invalid in /etc/nginx/conf.d/default.conf:40
2021/06/01 02:53:29 [emerg] 1#1: server name "." is invalid in /etc/nginx/conf.d/default.conf:40
2021/06/01 02:53:43 [emerg] 1#1: server name "." is invalid in /etc/nginx/conf.d/default.conf:40
2021/06/01 02:54:01 [emerg] 1#1: server name "." is invalid in /etc/nginx/conf.d/default.conf:40
2021/06/01 02:54:03 [emerg] 1#1: server name "." is invalid in /etc/nginx/conf.d/default.conf:40
2021/06/01 02:54:04 [emerg] 1#1: server name "." is invalid in /etc/nginx/conf.d/default.conf:40
2021/06/01 02:54:06 [emerg] 1#1: server name "." is invalid in /etc/nginx/conf.d/default.conf:40
2021/06/01 02:54:08 [emerg] 1#1: server name "." is invalid in /etc/nginx/conf.d/default.conf:40
2021/06/01 02:54:10 [emerg] 1#1: server name "." is invalid in /etc/nginx/conf.d/default.conf:40
2021/06/01 02:54:14 [emerg] 1#1: server name "." is invalid in /etc/nginx/conf.d/default.conf:40
2021/06/01 02:54:21 [emerg] 1#1: server name "." is invalid in /etc/nginx/conf.d/default.conf:40
2021/06/01 02:54:35 [emerg] 1#1: server name "." is invalid in /etc/nginx/conf.d/default.conf:40
2021/06/01 02:55:01 [emerg] 1#1: server name "." is invalid in /etc/nginx/conf.d/default.conf:40
2021/06/01 02:55:05 [emerg] 1#1: server name "." is invalid in /etc/nginx/conf.d/default.conf:40
2021/06/01 02:55:06 [emerg] 1#1: server name "." is invalid in /etc/nginx/conf.d/default.conf:40
2021/06/01 02:55:07 [emerg] 1#1: server name "." is invalid in /etc/nginx/conf.d/default.conf:40
2021/06/01 02:55:09 [emerg] 1#1: server name "." is invalid in /etc/nginx/conf.d/default.conf:40
2021/06/01 02:55:10 [emerg] 1#1: server name "." is invalid in /etc/nginx/conf.d/default.conf:40
2021/06/01 02:55:12 [emerg] 1#1: server name "." is invalid in /etc/nginx/conf.d/default.conf:40
2021/06/01 02:55:16 [emerg] 1#1: server name "." is invalid in /etc/nginx/conf.d/default.conf:40
2021/06/01 02:55:23 [emerg] 1#1: server name "." is invalid in /etc/nginx/conf.d/default.conf:40
2021/06/01 02:55:37 [emerg] 1#1: server name "." is invalid in /etc/nginx/conf.d/default.conf:40
2021/06/01 02:56:03 [emerg] 1#1: server name "." is invalid in /etc/nginx/conf.d/default.conf:40
2021/06/01 02:56:54 [emerg] 1#1: server name "." is invalid in /etc/nginx/conf.d/default.conf:40
2021/06/01 02:57:55 [emerg] 1#1: server name "." is invalid in /etc/nginx/conf.d/default.conf:40
2021/06/01 02:58:55 [emerg] 1#1: server name "." is invalid in /etc/nginx/conf.d/default.conf:40
2021/06/01 02:59:56 [emerg] 1#1: server name "." is invalid in /etc/nginx/conf.d/default.conf:40
2021/06/01 03:00:56 [emerg] 1#1: server name "." is invalid in /etc/nginx/conf.d/default.conf:40
2021/06/01 03:01:57 [emerg] 1#1: server name "." is invalid in /etc/nginx/conf.d/default.conf:40
2021/06/01 03:02:57 [emerg] 1#1: server name "." is invalid in /etc/nginx/conf.d/default.conf:40
2021/06/01 03:03:58 [emerg] 1#1: server name "." is invalid in /etc/nginx/conf.d/default.conf:40
2021/06/01 03:04:58 [emerg] 1#1: server name "." is invalid in /etc/nginx/conf.d/default.conf:40
2021/06/01 03:05:59 [emerg] 1#1: server name "." is invalid in /etc/nginx/conf.d/default.conf:40
2021/06/01 03:06:59 [emerg] 1#1: server name "." is invalid in /etc/nginx/conf.d/default.conf:40
2021/06/01 03:08:00 [emerg] 1#1: server name "." is invalid in /etc/nginx/conf.d/default.conf:40
2021/06/01 03:09:00 [emerg] 1#1: server name "." is invalid in /etc/nginx/conf.d/default.conf:40
2021/06/01 03:10:01 [emerg] 1#1: server name "." is invalid in /etc/nginx/conf.d/default.conf:40
2021/06/01 03:11:01 [emerg] 1#1: server name "." is invalid in /etc/nginx/conf.d/default.conf:40
2021/06/01 03:12:02 [emerg] 1#1: server name "." is invalid in /etc/nginx/conf.d/default.conf:40
2021/06/01 03:13:03 [emerg] 1#1: server name "." is invalid in /etc/nginx/conf.d/default.conf:40
2021/06/01 03:14:03 [emerg] 1#1: server name "." is invalid in /etc/nginx/conf.d/default.conf:40
2021/06/01 03:15:04 [emerg] 1#1: server name "." is invalid in /etc/nginx/conf.d/default.conf:40
2021/06/01 03:16:04 [emerg] 1#1: server name "." is invalid in /etc/nginx/conf.d/default.conf:40
2021/06/01 03:17:05 [emerg] 1#1: server name "." is invalid in /etc/nginx/conf.d/default.conf:40
2021/06/01 03:18:05 [emerg] 1#1: server name "." is invalid in /etc/nginx/conf.d/default.conf:40
2021/06/01 03:19:06 [emerg] 1#1: server name "." is invalid in /etc/nginx/conf.d/default.conf:40
2021/06/01 03:19:40 [emerg] 1#1: server name "." is invalid in /etc/nginx/conf.d/default.conf:40
2021/06/01 03:19:42 [emerg] 1#1: server name "." is invalid in /etc/nginx/conf.d/default.conf:40
2021/06/01 03:19:44 [emerg] 1#1: server name "." is invalid in /etc/nginx/conf.d/default.conf:40
2021/06/01 03:19:47 [emerg] 1#1: server name "." is invalid in /etc/nginx/conf.d/default.conf:40
2021/06/01 03:19:50 [emerg] 1#1: server name "." is invalid in /etc/nginx/conf.d/default.conf:40
2021/06/01 03:19:53 [emerg] 1#1: server name "." is invalid in /etc/nginx/conf.d/default.conf:40
2021/06/01 03:19:57 [emerg] 1#1: server name "." is invalid in /etc/nginx/conf.d/default.conf:40
2021/06/01 03:20:04 [emerg] 1#1: server name "." is invalid in /etc/nginx/conf.d/default.conf:40
2021/06/01 03:20:17 [emerg] 1#1: server name "." is invalid in /etc/nginx/conf.d/default.conf:40
2021/06/01 03:20:43 [emerg] 1#1: server name "." is invalid in /etc/nginx/conf.d/default.conf:40
2021/06/01 03:21:35 [emerg] 1#1: server name "." is invalid in /etc/nginx/conf.d/default.conf:40
2021/06/01 03:22:35 [emerg] 1#1: server name "." is invalid in /etc/nginx/conf.d/default.conf:40
2021/06/01 03:23:36 [emerg] 1#1: server name "." is invalid in /etc/nginx/conf.d/default.conf:40
2021/06/01 03:24:36 [emerg] 1#1: server name "." is invalid in /etc/nginx/conf.d/default.conf:40
2021/06/01 03:25:37 [emerg] 1#1: server name "." is invalid in /etc/nginx/conf.d/default.conf:40
2021/06/01 03:26:37 [emerg] 1#1: server name "." is invalid in /etc/nginx/conf.d/default.conf:40
2021/06/01 03:26:58 [emerg] 1#1: server name "." is invalid in /etc/nginx/conf.d/default.conf:40
2021/06/01 03:26:59 [emerg] 1#1: server name "." is invalid in /etc/nginx/conf.d/default.conf:40
2021/06/01 03:27:00 [emerg] 1#1: server name "." is invalid in /etc/nginx/conf.d/default.conf:40
2021/06/01 03:27:01 [emerg] 1#1: server name "." is invalid in /etc/nginx/conf.d/default.conf:40
2021/06/01 03:27:03 [emerg] 1#1: server name "." is invalid in /etc/nginx/conf.d/default.conf:40
2021/06/01 03:27:05 [emerg] 1#1: server name "." is invalid in /etc/nginx/conf.d/default.conf:40
2021/06/01 03:27:09 [emerg] 1#1: server name "." is invalid in /etc/nginx/conf.d/default.conf:40
2021/06/01 03:27:16 [emerg] 1#1: server name "." is invalid in /etc/nginx/conf.d/default.conf:40
2021/06/01 03:27:29 [emerg] 1#1: server name "." is invalid in /etc/nginx/conf.d/default.conf:40
2021/06/01 03:27:55 [emerg] 1#1: server name "." is invalid in /etc/nginx/conf.d/default.conf:40
2021/06/01 03:28:47 [emerg] 1#1: server name "." is invalid in /etc/nginx/conf.d/default.conf:40
2021/06/01 03:29:22 [emerg] 1#1: server name "." is invalid in /etc/nginx/conf.d/default.conf:40
2021/06/01 03:29:23 [emerg] 1#1: server name "." is invalid in /etc/nginx/conf.d/default.conf:40
2021/06/01 03:29:24 [emerg] 1#1: server name "." is invalid in /etc/nginx/conf.d/default.conf:40
2021/06/01 03:29:25 [emerg] 1#1: server name "." is invalid in /etc/nginx/conf.d/default.conf:40
2021/06/01 03:29:27 [emerg] 1#1: server name "." is invalid in /etc/nginx/conf.d/default.conf:40
2021/06/01 03:29:29 [emerg] 1#1: server name "." is invalid in /etc/nginx/conf.d/default.conf:40
2021/06/01 03:29:33 [emerg] 1#1: server name "." is invalid in /etc/nginx/conf.d/default.conf:40
2021/06/01 03:29:40 [emerg] 1#1: server name "." is invalid in /etc/nginx/conf.d/default.conf:40
2021/06/01 03:29:54 [emerg] 1#1: server name "." is invalid in /etc/nginx/conf.d/default.conf:40
2021/06/01 03:30:20 [emerg] 1#1: server name "." is invalid in /etc/nginx/conf.d/default.conf:40
2021/06/01 03:33:40 [emerg] 1#1: server name "." is invalid in /etc/nginx/conf.d/default.conf:40
2021/06/01 03:33:42 [emerg] 1#1: server name "." is invalid in /etc/nginx/conf.d/default.conf:40
2021/06/01 03:33:45 [emerg] 1#1: server name "." is invalid in /etc/nginx/conf.d/default.conf:40
2021/06/01 03:33:47 [emerg] 1#1: server name "." is invalid in /etc/nginx/conf.d/default.conf:40
2021/06/01 03:33:50 [emerg] 1#1: server name "." is invalid in /etc/nginx/conf.d/default.conf:40
2021/06/01 03:33:53 [emerg] 1#1: server name "." is invalid in /etc/nginx/conf.d/default.conf:40
2021/06/01 03:33:57 [emerg] 1#1: server name "." is invalid in /etc/nginx/conf.d/default.conf:40
2021/06/01 03:34:04 [emerg] 1#1: server name "." is invalid in /etc/nginx/conf.d/default.conf:40
2021/06/01 03:34:17 [emerg] 1#1: server name "." is invalid in /etc/nginx/conf.d/default.conf:40
2021/06/01 03:34:43 [emerg] 1#1: server name "." is invalid in /etc/nginx/conf.d/default.conf:40
2021/06/01 03:35:35 [emerg] 1#1: server name "." is invalid in /etc/nginx/conf.d/default.conf:40
2021/06/01 03:36:35 [emerg] 1#1: server name "." is invalid in /etc/nginx/conf.d/default.conf:40
2021/06/01 03:37:36 [emerg] 1#1: server name "." is invalid in /etc/nginx/conf.d/default.conf:40
2021/06/01 03:38:36 [emerg] 1#1: server name "." is invalid in /etc/nginx/conf.d/default.conf:40
2021/06/01 03:39:37 [emerg] 1#1: server name "." is invalid in /etc/nginx/conf.d/default.conf:40
2021/06/01 03:40:37 [emerg] 1#1: server name "." is invalid in /etc/nginx/conf.d/default.conf:40
2021/06/01 03:41:38 [emerg] 1#1: server name "." is invalid in /etc/nginx/conf.d/default.conf:40
2021/06/01 03:42:38 [emerg] 1#1: server name "." is invalid in /etc/nginx/conf.d/default.conf:40
2021/06/01 03:43:39 [emerg] 1#1: server name "." is invalid in /etc/nginx/conf.d/default.conf:40
2021/06/01 03:44:39 [emerg] 1#1: server name "." is invalid in /etc/nginx/conf.d/default.conf:40
2021/06/01 03:45:40 [emerg] 1#1: server name "." is invalid in /etc/nginx/conf.d/default.conf:40
2021/06/01 03:46:41 [emerg] 1#1: server name "." is invalid in /etc/nginx/conf.d/default.conf:40
2021/06/01 03:47:41 [emerg] 1#1: server name "." is invalid in /etc/nginx/conf.d/default.conf:40
2021/06/01 03:48:42 [emerg] 1#1: server name "." is invalid in /etc/nginx/conf.d/default.conf:40
2021/06/01 03:49:42 [emerg] 1#1: server name "." is invalid in /etc/nginx/conf.d/default.conf:40
2021/06/01 03:50:42 [emerg] 1#1: server name "." is invalid in /etc/nginx/conf.d/default.conf:40
2021/06/01 03:51:43 [emerg] 1#1: server name "." is invalid in /etc/nginx/conf.d/default.conf:40
2021/06/01 03:52:43 [emerg] 1#1: server name "." is invalid in /etc/nginx/conf.d/default.conf:40
2021/06/01 03:53:44 [emerg] 1#1: server name "." is invalid in /etc/nginx/conf.d/default.conf:40
2021/06/01 03:54:44 [emerg] 1#1: server name "." is invalid in /etc/nginx/conf.d/default.conf:40
2021/06/01 03:55:04 [emerg] 1#1: server name "." is invalid in /etc/nginx/conf.d/default.conf:40
2021/06/01 03:55:05 [emerg] 1#1: server name "." is invalid in /etc/nginx/conf.d/default.conf:40
2021/06/01 03:55:07 [emerg] 1#1: server name "." is invalid in /etc/nginx/conf.d/default.conf:40
2021/06/01 03:55:08 [emerg] 1#1: server name "." is invalid in /etc/nginx/conf.d/default.conf:40
2021/06/01 03:55:10 [emerg] 1#1: server name "." is invalid in /etc/nginx/conf.d/default.conf:40
2021/06/01 03:55:12 [emerg] 1#1: server name "." is invalid in /etc/nginx/conf.d/default.conf:40
2021/06/01 03:55:16 [emerg] 1#1: server name "." is invalid in /etc/nginx/conf.d/default.conf:40
2021/06/01 03:55:23 [emerg] 1#1: server name "." is invalid in /etc/nginx/conf.d/default.conf:40
2021/06/01 03:55:37 [emerg] 1#1: server name "." is invalid in /etc/nginx/conf.d/default.conf:40
2021/06/01 03:56:03 [emerg] 1#1: server name "." is invalid in /etc/nginx/conf.d/default.conf:40
2021/06/01 03:56:54 [emerg] 1#1: server name "." is invalid in /etc/nginx/conf.d/default.conf:40
2021/06/01 03:57:55 [emerg] 1#1: server name "." is invalid in /etc/nginx/conf.d/default.conf:40
