[2021-05-31 16:26:19,827: INFO/MainProcess] beat: Starting...
[2021-05-31 16:26:19,828: INFO/MainProcess] Writing entries...
[2021-05-31 16:26:19,897: INFO/MainProcess] DatabaseScheduler: Schedule changed.
[2021-05-31 16:26:19,897: INFO/MainProcess] Writing entries...
[2021-05-31 16:26:24,915: INFO/MainProcess] Writing entries...
[2021-05-31 16:29:25,184: INFO/MainProcess] Writing entries...
[2021-05-31 16:32:25,492: INFO/MainProcess] Writing entries...
[2021-05-31 16:35:25,782: INFO/MainProcess] Writing entries...
[2021-05-31 16:38:26,040: INFO/MainProcess] Writing entries...
[2021-05-31 16:41:26,331: INFO/MainProcess] Writing entries...
[2021-05-31 16:44:26,636: INFO/MainProcess] Writing entries...
[2021-05-31 16:47:26,912: INFO/MainProcess] Writing entries...
[2021-05-31 16:50:27,188: INFO/MainProcess] Writing entries...
[2021-05-31 16:53:27,498: INFO/MainProcess] Writing entries...
[2021-05-31 16:56:27,755: INFO/MainProcess] Writing entries...
[2021-05-31 16:59:28,024: INFO/MainProcess] Writing entries...
[2021-05-31 17:02:28,331: INFO/MainProcess] Writing entries...
[2021-05-31 17:05:28,629: INFO/MainProcess] Writing entries...
[2021-05-31 17:08:28,907: INFO/MainProcess] Writing entries...
[2021-05-31 17:11:29,188: INFO/MainProcess] Writing entries...
[2021-05-31 17:14:29,457: INFO/MainProcess] Writing entries...
[2021-05-31 17:17:29,744: INFO/MainProcess] Writing entries...
[2021-05-31 17:20:30,028: INFO/MainProcess] Writing entries...
[2021-05-31 17:23:30,328: INFO/MainProcess] Writing entries...
[2021-05-31 17:26:30,596: INFO/MainProcess] Writing entries...
[2021-05-31 17:29:30,880: INFO/MainProcess] Writing entries...
[2021-05-31 17:32:31,166: INFO/MainProcess] Writing entries...
[2021-05-31 17:35:31,453: INFO/MainProcess] Writing entries...
[2021-05-31 17:38:31,751: INFO/MainProcess] Writing entries...
[2021-05-31 17:41:32,048: INFO/MainProcess] Writing entries...
[2021-05-31 17:44:32,311: INFO/MainProcess] Writing entries...
[2021-05-31 17:47:32,576: INFO/MainProcess] Writing entries...
[2021-05-31 17:50:32,848: INFO/MainProcess] Writing entries...
[2021-05-31 17:53:33,126: INFO/MainProcess] Writing entries...
[2021-05-31 17:56:33,409: INFO/MainProcess] Writing entries...
[2021-05-31 17:59:33,668: INFO/MainProcess] Writing entries...
[2021-05-31 18:02:33,951: INFO/MainProcess] Writing entries...
[2021-05-31 18:05:34,228: INFO/MainProcess] Writing entries...
[2021-05-31 18:08:34,520: INFO/MainProcess] Writing entries...
[2021-05-31 18:11:34,784: INFO/MainProcess] Writing entries...
[2021-05-31 18:14:35,052: INFO/MainProcess] Writing entries...
[2021-05-31 18:17:35,332: INFO/MainProcess] Writing entries...
[2021-05-31 18:20:35,600: INFO/MainProcess] Writing entries...
[2021-05-31 18:23:35,868: INFO/MainProcess] Writing entries...
[2021-05-31 18:26:36,144: INFO/MainProcess] Writing entries...
[2021-05-31 18:29:36,412: INFO/MainProcess] Writing entries...
[2021-05-31 18:32:36,685: INFO/MainProcess] Writing entries...
[2021-05-31 18:35:36,958: INFO/MainProcess] Writing entries...
[2021-05-31 18:38:37,236: INFO/MainProcess] Writing entries...
[2021-05-31 18:41:37,544: INFO/MainProcess] Writing entries...
[2021-05-31 18:44:37,854: INFO/MainProcess] Writing entries...
[2021-05-31 18:47:38,139: INFO/MainProcess] Writing entries...
[2021-05-31 18:50:38,452: INFO/MainProcess] Writing entries...
[2021-05-31 18:53:38,749: INFO/MainProcess] Writing entries...
[2021-05-31 18:56:39,033: INFO/MainProcess] Writing entries...
[2021-05-31 18:59:39,308: INFO/MainProcess] Writing entries...
[2021-05-31 19:02:39,584: INFO/MainProcess] Writing entries...
[2021-05-31 19:05:39,880: INFO/MainProcess] Writing entries...
[2021-05-31 19:08:40,156: INFO/MainProcess] Writing entries...
[2021-05-31 19:11:40,456: INFO/MainProcess] Writing entries...
[2021-05-31 19:14:40,720: INFO/MainProcess] Writing entries...
[2021-05-31 19:17:40,992: INFO/MainProcess] Writing entries...
[2021-05-31 19:20:41,308: INFO/MainProcess] Writing entries...
[2021-05-31 19:23:41,602: INFO/MainProcess] Writing entries...
[2021-05-31 19:26:41,875: INFO/MainProcess] Writing entries...
[2021-05-31 19:29:42,148: INFO/MainProcess] Writing entries...
[2021-05-31 19:32:42,428: INFO/MainProcess] Writing entries...
[2021-05-31 19:35:42,720: INFO/MainProcess] Writing entries...
[2021-05-31 19:38:42,981: INFO/MainProcess] Writing entries...
[2021-05-31 19:41:43,236: INFO/MainProcess] Writing entries...
[2021-05-31 19:44:43,504: INFO/MainProcess] Writing entries...
[2021-05-31 19:47:43,764: INFO/MainProcess] Writing entries...
[2021-05-31 19:50:44,026: INFO/MainProcess] Writing entries...
[2021-05-31 19:53:44,293: INFO/MainProcess] Writing entries...
[2021-05-31 19:56:44,548: INFO/MainProcess] Writing entries...
[2021-05-31 19:58:53,076: INFO/MainProcess] Writing entries...
[2021-05-31 19:58:53,083: INFO/MainProcess] Writing entries...
[2021-05-31 19:58:53,092: INFO/MainProcess] Writing entries...
[2021-05-31 19:58:53,097: INFO/MainProcess] Writing entries...
[2021-05-31 19:59:58,173: INFO/MainProcess] beat: Starting...
[2021-05-31 19:59:58,175: INFO/MainProcess] Writing entries...
[2021-05-31 19:59:58,267: INFO/MainProcess] DatabaseScheduler: Schedule changed.
[2021-05-31 19:59:58,267: INFO/MainProcess] Writing entries...
[2021-05-31 20:00:03,289: INFO/MainProcess] Writing entries...
[2021-05-31 20:03:03,536: INFO/MainProcess] Writing entries...
[2021-05-31 20:06:03,792: INFO/MainProcess] Writing entries...
[2021-05-31 20:09:04,068: INFO/MainProcess] Writing entries...
[2021-05-31 20:11:23,378: INFO/MainProcess] Writing entries...
[2021-05-31 20:11:23,388: INFO/MainProcess] Writing entries...
[2021-05-31 20:11:23,395: INFO/MainProcess] Writing entries...
[2021-05-31 20:11:23,400: INFO/MainProcess] Writing entries...
[2021-05-31 20:11:48,809: INFO/MainProcess] beat: Starting...
[2021-05-31 20:11:48,810: INFO/MainProcess] Writing entries...
[2021-05-31 20:11:48,892: INFO/MainProcess] DatabaseScheduler: Schedule changed.
[2021-05-31 20:11:48,893: INFO/MainProcess] Writing entries...
[2021-05-31 20:11:53,912: INFO/MainProcess] Writing entries...
[2021-05-31 20:14:54,192: INFO/MainProcess] Writing entries...
[2021-05-31 20:15:50,006: INFO/MainProcess] Writing entries...
[2021-05-31 20:15:50,027: INFO/MainProcess] Writing entries...
[2021-05-31 20:15:50,035: INFO/MainProcess] Writing entries...
[2021-05-31 20:15:50,040: INFO/MainProcess] Writing entries...
[2021-05-31 20:16:38,938: INFO/MainProcess] beat: Starting...
[2021-05-31 20:16:38,939: INFO/MainProcess] Writing entries...
[2021-05-31 20:16:39,004: INFO/MainProcess] DatabaseScheduler: Schedule changed.
[2021-05-31 20:16:39,005: INFO/MainProcess] Writing entries...
[2021-05-31 20:16:44,023: INFO/MainProcess] Writing entries...
[2021-05-31 20:18:42,171: INFO/MainProcess] Writing entries...
[2021-05-31 20:18:42,181: INFO/MainProcess] Writing entries...
[2021-05-31 20:18:42,187: INFO/MainProcess] Writing entries...
[2021-05-31 20:18:42,191: INFO/MainProcess] Writing entries...
[2021-05-31 20:19:25,885: INFO/MainProcess] beat: Starting...
[2021-05-31 20:19:25,886: INFO/MainProcess] Writing entries...
[2021-05-31 20:19:25,954: INFO/MainProcess] DatabaseScheduler: Schedule changed.
[2021-05-31 20:19:25,954: INFO/MainProcess] Writing entries...
[2021-05-31 20:19:30,971: INFO/MainProcess] Writing entries...
[2021-05-31 20:22:31,279: INFO/MainProcess] Writing entries...
[2021-05-31 20:25:31,547: INFO/MainProcess] Writing entries...
[2021-05-31 20:28:31,816: INFO/MainProcess] Writing entries...
[2021-05-31 20:29:00,817: INFO/MainProcess] Writing entries...
[2021-05-31 20:29:00,822: INFO/MainProcess] Writing entries...
[2021-05-31 20:29:00,831: INFO/MainProcess] Writing entries...
[2021-05-31 20:29:00,838: INFO/MainProcess] Writing entries...
[2021-05-31 20:29:44,067: INFO/MainProcess] beat: Starting...
[2021-05-31 20:29:44,068: INFO/MainProcess] Writing entries...
[2021-05-31 20:29:44,126: INFO/MainProcess] DatabaseScheduler: Schedule changed.
[2021-05-31 20:29:44,126: INFO/MainProcess] Writing entries...
[2021-05-31 20:29:49,143: INFO/MainProcess] Writing entries...
[2021-05-31 20:30:44,724: INFO/MainProcess] Writing entries...
[2021-05-31 20:30:44,736: INFO/MainProcess] Writing entries...
[2021-05-31 20:30:44,746: INFO/MainProcess] Writing entries...
[2021-05-31 20:30:44,750: INFO/MainProcess] Writing entries...
[2021-05-31 20:31:29,583: INFO/MainProcess] beat: Starting...
[2021-05-31 20:31:29,604: INFO/MainProcess] Writing entries...
[2021-05-31 20:31:29,685: INFO/MainProcess] DatabaseScheduler: Schedule changed.
[2021-05-31 20:31:29,685: INFO/MainProcess] Writing entries...
[2021-05-31 20:31:34,699: INFO/MainProcess] Writing entries...
[2021-05-31 20:32:03,437: INFO/MainProcess] Writing entries...
[2021-05-31 20:32:03,441: INFO/MainProcess] Writing entries...
[2021-05-31 20:32:03,444: INFO/MainProcess] Writing entries...
[2021-05-31 20:32:03,448: INFO/MainProcess] Writing entries...
[2021-05-31 20:33:14,604: INFO/MainProcess] beat: Starting...
[2021-05-31 20:33:14,605: INFO/MainProcess] Writing entries...
[2021-05-31 20:33:14,682: INFO/MainProcess] DatabaseScheduler: Schedule changed.
[2021-05-31 20:33:14,682: INFO/MainProcess] Writing entries...
[2021-05-31 20:33:19,699: INFO/MainProcess] Writing entries...
[2021-05-31 20:36:19,953: INFO/MainProcess] Writing entries...
[2021-05-31 20:39:20,231: INFO/MainProcess] Writing entries...
[2021-05-31 20:42:20,517: INFO/MainProcess] Writing entries...
[2021-05-31 20:43:19,172: INFO/MainProcess] Writing entries...
[2021-05-31 20:43:19,184: INFO/MainProcess] Writing entries...
[2021-05-31 20:43:19,189: INFO/MainProcess] Writing entries...
[2021-05-31 20:43:19,194: INFO/MainProcess] Writing entries...
[2021-05-31 20:43:40,474: INFO/MainProcess] beat: Starting...
[2021-05-31 20:43:40,474: INFO/MainProcess] Writing entries...
[2021-05-31 20:43:40,543: INFO/MainProcess] DatabaseScheduler: Schedule changed.
[2021-05-31 20:43:40,544: INFO/MainProcess] Writing entries...
[2021-05-31 20:43:45,564: INFO/MainProcess] Writing entries...
[2021-05-31 20:44:15,399: INFO/MainProcess] Writing entries...
[2021-05-31 20:44:15,412: INFO/MainProcess] Writing entries...
[2021-05-31 20:44:15,422: INFO/MainProcess] Writing entries...
[2021-05-31 20:44:15,428: INFO/MainProcess] Writing entries...
[2021-05-31 20:44:59,498: INFO/MainProcess] beat: Starting...
[2021-05-31 20:44:59,499: INFO/MainProcess] Writing entries...
[2021-05-31 20:44:59,563: INFO/MainProcess] DatabaseScheduler: Schedule changed.
[2021-05-31 20:44:59,563: INFO/MainProcess] Writing entries...
[2021-05-31 20:45:04,579: INFO/MainProcess] Writing entries...
[2021-05-31 20:48:04,841: INFO/MainProcess] Writing entries...
[2021-05-31 20:48:04,889: ERROR/MainProcess] Database error while sync: OperationalError('could not translate host name "postgres.kobo.private" to address: Name or service not known\n',)
Traceback (most recent call last):
  File "/usr/local/lib/python2.7/dist-packages/django_celery_beat/schedulers.py", line 238, in sync
    with transaction.atomic():
  File "/usr/local/lib/python2.7/dist-packages/django/db/transaction.py", line 150, in __enter__
    if not connection.get_autocommit():
  File "/usr/local/lib/python2.7/dist-packages/django/db/backends/base/base.py", line 286, in get_autocommit
    self.ensure_connection()
  File "/usr/local/lib/python2.7/dist-packages/django/db/backends/base/base.py", line 130, in ensure_connection
    self.connect()
  File "/usr/local/lib/python2.7/dist-packages/django/db/utils.py", line 98, in __exit__
    six.reraise(dj_exc_type, dj_exc_value, traceback)
  File "/usr/local/lib/python2.7/dist-packages/django/db/backends/base/base.py", line 130, in ensure_connection
    self.connect()
  File "/usr/local/lib/python2.7/dist-packages/django/db/backends/base/base.py", line 119, in connect
    self.connection = self.get_new_connection(conn_params)
  File "/usr/local/lib/python2.7/dist-packages/django/db/backends/postgresql_psycopg2/base.py", line 176, in get_new_connection
    connection = Database.connect(**conn_params)
  File "/usr/local/lib/python2.7/dist-packages/psycopg2/__init__.py", line 130, in connect
    conn = _connect(dsn, connection_factory=connection_factory, **kwasync)
OperationalError: could not translate host name "postgres.kobo.private" to address: Name or service not known

[2021-05-31 20:48:04,928: ERROR/MainProcess] Database gave error: OperationalError('could not translate host name "postgres.kobo.private" to address: Name or service not known\n',)
Traceback (most recent call last):
  File "/usr/local/lib/python2.7/dist-packages/django_celery_beat/schedulers.py", line 215, in schedule_changed
    last, ts = self._last_timestamp, self.Changes.last_change()
  File "/usr/local/lib/python2.7/dist-packages/django_celery_beat/models.py", line 226, in last_change
    return cls.objects.get(ident=1).last_update
  File "/usr/local/lib/python2.7/dist-packages/django/db/models/manager.py", line 127, in manager_method
    return getattr(self.get_queryset(), name)(*args, **kwargs)
  File "/usr/local/lib/python2.7/dist-packages/django/db/models/query.py", line 328, in get
    num = len(clone)
  File "/usr/local/lib/python2.7/dist-packages/django/db/models/query.py", line 144, in __len__
    self._fetch_all()
  File "/usr/local/lib/python2.7/dist-packages/django/db/models/query.py", line 965, in _fetch_all
    self._result_cache = list(self.iterator())
  File "/usr/local/lib/python2.7/dist-packages/django/db/models/query.py", line 238, in iterator
    results = compiler.execute_sql()
  File "/usr/local/lib/python2.7/dist-packages/django/db/models/sql/compiler.py", line 838, in execute_sql
    cursor = self.connection.cursor()
  File "/usr/local/lib/python2.7/dist-packages/django/db/backends/base/base.py", line 162, in cursor
    cursor = self.make_debug_cursor(self._cursor())
  File "/usr/local/lib/python2.7/dist-packages/django/db/backends/base/base.py", line 135, in _cursor
    self.ensure_connection()
  File "/usr/local/lib/python2.7/dist-packages/django/db/backends/base/base.py", line 130, in ensure_connection
    self.connect()
  File "/usr/local/lib/python2.7/dist-packages/django/db/utils.py", line 98, in __exit__
    six.reraise(dj_exc_type, dj_exc_value, traceback)
  File "/usr/local/lib/python2.7/dist-packages/django/db/backends/base/base.py", line 130, in ensure_connection
    self.connect()
  File "/usr/local/lib/python2.7/dist-packages/django/db/backends/base/base.py", line 119, in connect
    self.connection = self.get_new_connection(conn_params)
  File "/usr/local/lib/python2.7/dist-packages/django/db/backends/postgresql_psycopg2/base.py", line 176, in get_new_connection
    connection = Database.connect(**conn_params)
  File "/usr/local/lib/python2.7/dist-packages/psycopg2/__init__.py", line 130, in connect
    conn = _connect(dsn, connection_factory=connection_factory, **kwasync)
OperationalError: could not translate host name "postgres.kobo.private" to address: Name or service not known

[2021-05-31 20:51:05,193: INFO/MainProcess] Writing entries...
[2021-05-31 20:54:05,477: INFO/MainProcess] Writing entries...
[2021-05-31 20:54:18,644: INFO/MainProcess] Writing entries...
[2021-05-31 20:54:18,648: INFO/MainProcess] Writing entries...
[2021-05-31 20:54:18,653: INFO/MainProcess] Writing entries...
[2021-05-31 20:54:18,658: INFO/MainProcess] Writing entries...
[2021-05-31 20:55:29,663: INFO/MainProcess] beat: Starting...
[2021-05-31 20:55:29,664: INFO/MainProcess] Writing entries...
[2021-05-31 20:55:29,719: INFO/MainProcess] DatabaseScheduler: Schedule changed.
[2021-05-31 20:55:29,719: INFO/MainProcess] Writing entries...
[2021-05-31 20:55:34,735: INFO/MainProcess] Writing entries...
[2021-05-31 20:56:53,739: INFO/MainProcess] Writing entries...
[2021-05-31 20:56:53,745: INFO/MainProcess] Writing entries...
[2021-05-31 20:56:53,761: INFO/MainProcess] Writing entries...
[2021-05-31 20:56:53,767: INFO/MainProcess] Writing entries...
[2021-05-31 20:57:37,217: INFO/MainProcess] beat: Starting...
[2021-05-31 20:57:37,218: INFO/MainProcess] Writing entries...
[2021-05-31 20:57:37,276: INFO/MainProcess] DatabaseScheduler: Schedule changed.
[2021-05-31 20:57:37,277: INFO/MainProcess] Writing entries...
[2021-05-31 20:57:42,291: INFO/MainProcess] Writing entries...
[2021-05-31 21:00:42,560: INFO/MainProcess] Writing entries...
[2021-05-31 21:03:42,848: INFO/MainProcess] Writing entries...
[2021-05-31 21:06:43,130: INFO/MainProcess] Writing entries...
[2021-05-31 21:09:43,413: INFO/MainProcess] Writing entries...
[2021-05-31 21:12:43,678: INFO/MainProcess] Writing entries...
[2021-05-31 21:15:43,972: INFO/MainProcess] Writing entries...
[2021-05-31 21:18:44,279: INFO/MainProcess] Writing entries...
[2021-05-31 21:25:12,118: INFO/MainProcess] Writing entries...
[2021-06-01 01:29:55,456: INFO/MainProcess] Writing entries...
[2021-06-01 01:29:55,463: INFO/MainProcess] Writing entries...
[2021-06-01 01:29:55,472: INFO/MainProcess] Writing entries...
[2021-06-01 01:29:55,477: INFO/MainProcess] Writing entries...
[2021-06-01 01:30:39,289: INFO/MainProcess] beat: Starting...
[2021-06-01 01:30:39,290: INFO/MainProcess] Writing entries...
[2021-06-01 01:30:39,351: INFO/MainProcess] DatabaseScheduler: Schedule changed.
[2021-06-01 01:30:39,352: INFO/MainProcess] Writing entries...
[2021-06-01 01:30:44,367: INFO/MainProcess] Writing entries...
[2021-06-01 01:33:44,632: INFO/MainProcess] Writing entries...
[2021-06-01 01:36:44,918: INFO/MainProcess] Writing entries...
[2021-06-01 01:39:45,180: INFO/MainProcess] Writing entries...
[2021-06-01 01:42:45,470: INFO/MainProcess] Writing entries...
[2021-06-01 01:45:45,756: INFO/MainProcess] Writing entries...
[2021-06-01 01:48:46,044: INFO/MainProcess] Writing entries...
[2021-06-01 01:51:31,968: INFO/MainProcess] Writing entries...
[2021-06-01 01:51:31,977: INFO/MainProcess] Writing entries...
[2021-06-01 01:51:31,984: INFO/MainProcess] Writing entries...
[2021-06-01 01:51:31,988: INFO/MainProcess] Writing entries...
[2021-06-01 01:52:45,772: INFO/MainProcess] beat: Starting...
[2021-06-01 01:52:45,773: INFO/MainProcess] Writing entries...
[2021-06-01 01:52:45,836: INFO/MainProcess] DatabaseScheduler: Schedule changed.
[2021-06-01 01:52:45,837: INFO/MainProcess] Writing entries...
[2021-06-01 01:52:50,856: INFO/MainProcess] Writing entries...
[2021-06-01 01:55:51,135: INFO/MainProcess] Writing entries...
[2021-06-01 01:56:57,346: INFO/MainProcess] Writing entries...
[2021-06-01 01:56:57,378: INFO/MainProcess] Writing entries...
[2021-06-01 01:56:57,389: INFO/MainProcess] Writing entries...
[2021-06-01 01:56:57,396: INFO/MainProcess] Writing entries...
[2021-06-01 01:57:40,451: INFO/MainProcess] beat: Starting...
[2021-06-01 01:57:40,452: INFO/MainProcess] Writing entries...
[2021-06-01 01:57:40,528: INFO/MainProcess] DatabaseScheduler: Schedule changed.
[2021-06-01 01:57:40,528: INFO/MainProcess] Writing entries...
[2021-06-01 01:57:45,549: INFO/MainProcess] Writing entries...
[2021-06-01 02:00:45,823: INFO/MainProcess] Writing entries...
[2021-06-01 02:02:00,338: INFO/MainProcess] Writing entries...
[2021-06-01 02:02:00,342: INFO/MainProcess] Writing entries...
[2021-06-01 02:02:00,346: INFO/MainProcess] Writing entries...
[2021-06-01 02:02:00,349: INFO/MainProcess] Writing entries...
[2021-06-01 02:02:45,501: INFO/MainProcess] beat: Starting...
[2021-06-01 02:02:45,501: INFO/MainProcess] Writing entries...
[2021-06-01 02:02:45,559: INFO/MainProcess] DatabaseScheduler: Schedule changed.
[2021-06-01 02:02:45,559: INFO/MainProcess] Writing entries...
[2021-06-01 02:02:50,571: INFO/MainProcess] Writing entries...
[2021-06-01 02:04:11,947: INFO/MainProcess] Writing entries...
[2021-06-01 02:04:11,952: INFO/MainProcess] Writing entries...
[2021-06-01 02:04:11,960: INFO/MainProcess] Writing entries...
[2021-06-01 02:04:11,966: INFO/MainProcess] Writing entries...
[2021-06-01 02:04:33,326: INFO/MainProcess] beat: Starting...
[2021-06-01 02:04:33,327: INFO/MainProcess] Writing entries...
[2021-06-01 02:04:33,378: INFO/MainProcess] DatabaseScheduler: Schedule changed.
[2021-06-01 02:04:33,378: INFO/MainProcess] Writing entries...
[2021-06-01 02:04:38,393: INFO/MainProcess] Writing entries...
[2021-06-01 02:05:23,812: INFO/MainProcess] Writing entries...
[2021-06-01 02:05:23,817: INFO/MainProcess] Writing entries...
[2021-06-01 02:05:23,820: INFO/MainProcess] Writing entries...
[2021-06-01 02:05:23,823: INFO/MainProcess] Writing entries...
[2021-06-01 02:05:47,012: INFO/MainProcess] beat: Starting...
[2021-06-01 02:05:47,013: INFO/MainProcess] Writing entries...
[2021-06-01 02:05:47,067: INFO/MainProcess] DatabaseScheduler: Schedule changed.
[2021-06-01 02:05:47,067: INFO/MainProcess] Writing entries...
[2021-06-01 02:05:52,086: INFO/MainProcess] Writing entries...
[2021-06-01 02:08:52,367: INFO/MainProcess] Writing entries...
[2021-06-01 02:10:06,495: INFO/MainProcess] Writing entries...
[2021-06-01 02:10:06,502: INFO/MainProcess] Writing entries...
[2021-06-01 02:10:06,510: INFO/MainProcess] Writing entries...
[2021-06-01 02:10:06,517: INFO/MainProcess] Writing entries...
[2021-06-01 02:10:27,841: INFO/MainProcess] beat: Starting...
[2021-06-01 02:10:27,841: INFO/MainProcess] Writing entries...
[2021-06-01 02:10:27,895: INFO/MainProcess] DatabaseScheduler: Schedule changed.
[2021-06-01 02:10:27,895: INFO/MainProcess] Writing entries...
[2021-06-01 02:10:32,910: INFO/MainProcess] Writing entries...
[2021-06-01 02:11:02,424: INFO/MainProcess] Writing entries...
[2021-06-01 02:11:02,433: INFO/MainProcess] Writing entries...
[2021-06-01 02:11:02,438: INFO/MainProcess] Writing entries...
[2021-06-01 02:11:02,441: INFO/MainProcess] Writing entries...
[2021-06-01 02:11:24,923: INFO/MainProcess] beat: Starting...
[2021-06-01 02:11:24,924: INFO/MainProcess] Writing entries...
[2021-06-01 02:11:25,007: INFO/MainProcess] DatabaseScheduler: Schedule changed.
[2021-06-01 02:11:25,008: INFO/MainProcess] Writing entries...
[2021-06-01 02:11:30,027: INFO/MainProcess] Writing entries...
[2021-06-01 02:12:25,983: INFO/MainProcess] Writing entries...
[2021-06-01 02:12:26,003: INFO/MainProcess] Writing entries...
[2021-06-01 02:12:26,009: INFO/MainProcess] Writing entries...
[2021-06-01 02:12:26,015: INFO/MainProcess] Writing entries...
[2021-06-01 02:15:35,301: INFO/MainProcess] beat: Starting...
[2021-06-01 02:15:35,301: INFO/MainProcess] Writing entries...
[2021-06-01 02:15:35,374: INFO/MainProcess] DatabaseScheduler: Schedule changed.
[2021-06-01 02:15:35,375: INFO/MainProcess] Writing entries...
[2021-06-01 02:15:40,394: INFO/MainProcess] Writing entries...
[2021-06-01 02:18:40,677: INFO/MainProcess] Writing entries...
[2021-06-01 02:21:40,963: INFO/MainProcess] Writing entries...
[2021-06-01 02:24:41,234: INFO/MainProcess] Writing entries...
[2021-06-01 02:27:41,517: INFO/MainProcess] Writing entries...
[2021-06-01 02:29:34,124: INFO/MainProcess] Writing entries...
[2021-06-01 02:29:34,130: INFO/MainProcess] Writing entries...
[2021-06-01 02:29:34,136: INFO/MainProcess] Writing entries...
[2021-06-01 02:29:34,140: INFO/MainProcess] Writing entries...
