                _._                                                  
           _.-``__ ''-._                                             
      _.-``    `.  `_.  ''-._           Redis 3.2.12 (00000000/0) 64 bit
  .-`` .-```.  ```\/    _.,_ ''-._                                   
 (    '      ,       .-`  | `,    )     Running in standalone mode
 |`-._`-...-` __...-.``-._|'` _.-'|     Port: 6380
 |    `-._   `._    /     _.-'    |     PID: 1
  `-._    `-._  `-./  _.-'    _.-'                                   
 |`-._`-._    `-.__.-'    _.-'_.-'|                                  
 |    `-._`-._        _.-'_.-'    |           http://redis.io        
  `-._    `-._`-.__.-'_.-'    _.-'                                   
 |`-._`-._    `-.__.-'    _.-'_.-'|                                  
 |    `-._`-._        _.-'_.-'    |                                  
  `-._    `-._`-.__.-'_.-'    _.-'                                   
      `-._    `-.__.-'    _.-'                                       
          `-._        _.-'                                           
              `-.__.-'                                               

1:M 31 May 16:25:11.485 # Server started, Redis version 3.2.12
1:M 31 May 16:25:11.485 # WARNING overcommit_memory is set to 0! Background save may fail under low memory condition. To fix this issue add 'vm.overcommit_memory = 1' to /etc/sysctl.conf and then reboot or run the command 'sysctl vm.overcommit_memory=1' for this to take effect.
1:M 31 May 16:25:11.485 # WARNING you have Transparent Huge Pages (THP) support enabled in your kernel. This will create latency and memory usage issues with Redis. To fix this issue run the command 'echo never > /sys/kernel/mm/transparent_hugepage/enabled' as root, and add it to your /etc/rc.local in order to retain the setting after a reboot. Redis must be restarted after THP is disabled.
1:M 31 May 16:25:11.485 * The server is now ready to accept connections on port 6380
1:signal-handler (1622491168) Received SIGTERM scheduling shutdown...
1:M 31 May 19:59:28.786 # User requested shutdown...
1:M 31 May 19:59:28.786 * Saving the final RDB snapshot before exiting.
1:M 31 May 19:59:28.787 * DB saved on disk
1:M 31 May 19:59:28.787 * Removing the pid file.
1:M 31 May 19:59:28.787 # Redis is now ready to exit, bye bye...
                _._                                                  
           _.-``__ ''-._                                             
      _.-``    `.  `_.  ''-._           Redis 3.2.12 (00000000/0) 64 bit
  .-`` .-```.  ```\/    _.,_ ''-._                                   
 (    '      ,       .-`  | `,    )     Running in standalone mode
 |`-._`-...-` __...-.``-._|'` _.-'|     Port: 6380
 |    `-._   `._    /     _.-'    |     PID: 1
  `-._    `-._  `-./  _.-'    _.-'                                   
 |`-._`-._    `-.__.-'    _.-'_.-'|                                  
 |    `-._`-._        _.-'_.-'    |           http://redis.io        
  `-._    `-._`-.__.-'_.-'    _.-'                                   
 |`-._`-._    `-.__.-'    _.-'_.-'|                                  
 |    `-._`-._        _.-'_.-'    |                                  
  `-._    `-._`-.__.-'_.-'    _.-'                                   
      `-._    `-.__.-'    _.-'                                       
          `-._        _.-'                                           
              `-.__.-'                                               

1:M 31 May 19:59:53.191 # Server started, Redis version 3.2.12
1:M 31 May 19:59:53.192 # WARNING overcommit_memory is set to 0! Background save may fail under low memory condition. To fix this issue add 'vm.overcommit_memory = 1' to /etc/sysctl.conf and then reboot or run the command 'sysctl vm.overcommit_memory=1' for this to take effect.
1:M 31 May 19:59:53.192 # WARNING you have Transparent Huge Pages (THP) support enabled in your kernel. This will create latency and memory usage issues with Redis. To fix this issue run the command 'echo never > /sys/kernel/mm/transparent_hugepage/enabled' as root, and add it to your /etc/rc.local in order to retain the setting after a reboot. Redis must be restarted after THP is disabled.
1:M 31 May 19:59:53.192 * DB loaded from disk: 0.000 seconds
1:M 31 May 19:59:53.192 * The server is now ready to accept connections on port 6380
1:signal-handler (1622493135) Received SIGTERM scheduling shutdown...
1:M 31 May 20:32:15.340 # User requested shutdown...
1:M 31 May 20:32:15.340 * Saving the final RDB snapshot before exiting.
1:M 31 May 20:32:15.341 * DB saved on disk
1:M 31 May 20:32:15.341 * Removing the pid file.
1:M 31 May 20:32:15.341 # Redis is now ready to exit, bye bye...
                _._                                                  
           _.-``__ ''-._                                             
      _.-``    `.  `_.  ''-._           Redis 3.2.12 (00000000/0) 64 bit
  .-`` .-```.  ```\/    _.,_ ''-._                                   
 (    '      ,       .-`  | `,    )     Running in standalone mode
 |`-._`-...-` __...-.``-._|'` _.-'|     Port: 6380
 |    `-._   `._    /     _.-'    |     PID: 1
  `-._    `-._  `-./  _.-'    _.-'                                   
 |`-._`-._    `-.__.-'    _.-'_.-'|                                  
 |    `-._`-._        _.-'_.-'    |           http://redis.io        
  `-._    `-._`-.__.-'_.-'    _.-'                                   
 |`-._`-._    `-.__.-'    _.-'_.-'|                                  
 |    `-._`-._        _.-'_.-'    |                                  
  `-._    `-._`-.__.-'_.-'    _.-'                                   
      `-._    `-.__.-'    _.-'                                       
          `-._        _.-'                                           
              `-.__.-'                                               

1:M 31 May 20:32:39.892 # Server started, Redis version 3.2.12
1:M 31 May 20:32:39.892 # WARNING overcommit_memory is set to 0! Background save may fail under low memory condition. To fix this issue add 'vm.overcommit_memory = 1' to /etc/sysctl.conf and then reboot or run the command 'sysctl vm.overcommit_memory=1' for this to take effect.
1:M 31 May 20:32:39.892 # WARNING you have Transparent Huge Pages (THP) support enabled in your kernel. This will create latency and memory usage issues with Redis. To fix this issue run the command 'echo never > /sys/kernel/mm/transparent_hugepage/enabled' as root, and add it to your /etc/rc.local in order to retain the setting after a reboot. Redis must be restarted after THP is disabled.
1:M 31 May 20:32:39.892 * DB loaded from disk: 0.000 seconds
1:M 31 May 20:32:39.892 * The server is now ready to accept connections on port 6380
1:signal-handler (1622494084) Received SIGTERM scheduling shutdown...
1:M 31 May 20:48:04.293 # User requested shutdown...
1:M 31 May 20:48:04.293 * Saving the final RDB snapshot before exiting.
1:M 31 May 20:48:04.294 * DB saved on disk
1:M 31 May 20:48:04.294 * Removing the pid file.
1:M 31 May 20:48:04.294 # Redis is now ready to exit, bye bye...
                _._                                                  
           _.-``__ ''-._                                             
      _.-``    `.  `_.  ''-._           Redis 3.2.12 (00000000/0) 64 bit
  .-`` .-```.  ```\/    _.,_ ''-._                                   
 (    '      ,       .-`  | `,    )     Running in standalone mode
 |`-._`-...-` __...-.``-._|'` _.-'|     Port: 6380
 |    `-._   `._    /     _.-'    |     PID: 1
  `-._    `-._  `-./  _.-'    _.-'                                   
 |`-._`-._    `-.__.-'    _.-'_.-'|                                  
 |    `-._`-._        _.-'_.-'    |           http://redis.io        
  `-._    `-._`-.__.-'_.-'    _.-'                                   
 |`-._`-._    `-.__.-'    _.-'_.-'|                                  
 |    `-._`-._        _.-'_.-'    |                                  
  `-._    `-._`-.__.-'_.-'    _.-'                                   
      `-._    `-.__.-'    _.-'                                       
          `-._        _.-'                                           
              `-.__.-'                                               

1:M 31 May 20:48:22.576 # Server started, Redis version 3.2.12
1:M 31 May 20:48:22.577 # WARNING overcommit_memory is set to 0! Background save may fail under low memory condition. To fix this issue add 'vm.overcommit_memory = 1' to /etc/sysctl.conf and then reboot or run the command 'sysctl vm.overcommit_memory=1' for this to take effect.
1:M 31 May 20:48:22.577 # WARNING you have Transparent Huge Pages (THP) support enabled in your kernel. This will create latency and memory usage issues with Redis. To fix this issue run the command 'echo never > /sys/kernel/mm/transparent_hugepage/enabled' as root, and add it to your /etc/rc.local in order to retain the setting after a reboot. Redis must be restarted after THP is disabled.
1:M 31 May 20:48:22.578 * DB loaded from disk: 0.000 seconds
1:M 31 May 20:48:22.578 * The server is now ready to accept connections on port 6380
1:signal-handler (1622494470) Received SIGTERM scheduling shutdown...
1:M 31 May 20:54:30.563 # User requested shutdown...
1:M 31 May 20:54:30.563 * Saving the final RDB snapshot before exiting.
1:M 31 May 20:54:30.566 * DB saved on disk
1:M 31 May 20:54:30.566 * Removing the pid file.
1:M 31 May 20:54:30.566 # Redis is now ready to exit, bye bye...
                _._                                                  
           _.-``__ ''-._                                             
      _.-``    `.  `_.  ''-._           Redis 3.2.12 (00000000/0) 64 bit
  .-`` .-```.  ```\/    _.,_ ''-._                                   
 (    '      ,       .-`  | `,    )     Running in standalone mode
 |`-._`-...-` __...-.``-._|'` _.-'|     Port: 6380
 |    `-._   `._    /     _.-'    |     PID: 1
  `-._    `-._  `-./  _.-'    _.-'                                   
 |`-._`-._    `-.__.-'    _.-'_.-'|                                  
 |    `-._`-._        _.-'_.-'    |           http://redis.io        
  `-._    `-._`-.__.-'_.-'    _.-'                                   
 |`-._`-._    `-.__.-'    _.-'_.-'|                                  
 |    `-._`-._        _.-'_.-'    |                                  
  `-._    `-._`-.__.-'_.-'    _.-'                                   
      `-._    `-.__.-'    _.-'                                       
          `-._        _.-'                                           
              `-.__.-'                                               

1:M 31 May 20:54:53.625 # Server started, Redis version 3.2.12
1:M 31 May 20:54:53.626 # WARNING overcommit_memory is set to 0! Background save may fail under low memory condition. To fix this issue add 'vm.overcommit_memory = 1' to /etc/sysctl.conf and then reboot or run the command 'sysctl vm.overcommit_memory=1' for this to take effect.
1:M 31 May 20:54:53.626 # WARNING you have Transparent Huge Pages (THP) support enabled in your kernel. This will create latency and memory usage issues with Redis. To fix this issue run the command 'echo never > /sys/kernel/mm/transparent_hugepage/enabled' as root, and add it to your /etc/rc.local in order to retain the setting after a reboot. Redis must be restarted after THP is disabled.
1:M 31 May 20:54:53.626 * DB loaded from disk: 0.000 seconds
1:M 31 May 20:54:53.626 * The server is now ready to accept connections on port 6380
1:M 01 Jun 01:29:03.229 * 1 changes in 3600 seconds. Saving...
1:M 01 Jun 01:29:03.229 * Background saving started by pid 226
226:C 01 Jun 01:29:03.239 * DB saved on disk
226:C 01 Jun 01:29:03.239 * RDB: 0 MB of memory used by copy-on-write
1:M 01 Jun 01:29:03.330 * Background saving terminated with success
1:signal-handler (1622512303) Received SIGTERM scheduling shutdown...
1:M 01 Jun 01:51:43.707 # User requested shutdown...
1:M 01 Jun 01:51:43.708 * Saving the final RDB snapshot before exiting.
1:M 01 Jun 01:51:43.709 * DB saved on disk
1:M 01 Jun 01:51:43.709 * Removing the pid file.
1:M 01 Jun 01:51:43.709 # Redis is now ready to exit, bye bye...
                _._                                                  
           _.-``__ ''-._                                             
      _.-``    `.  `_.  ''-._           Redis 3.2.12 (00000000/0) 64 bit
  .-`` .-```.  ```\/    _.,_ ''-._                                   
 (    '      ,       .-`  | `,    )     Running in standalone mode
 |`-._`-...-` __...-.``-._|'` _.-'|     Port: 6380
 |    `-._   `._    /     _.-'    |     PID: 1
  `-._    `-._  `-./  _.-'    _.-'                                   
 |`-._`-._    `-.__.-'    _.-'_.-'|                                  
 |    `-._`-._        _.-'_.-'    |           http://redis.io        
  `-._    `-._`-.__.-'_.-'    _.-'                                   
 |`-._`-._    `-.__.-'    _.-'_.-'|                                  
 |    `-._`-._        _.-'_.-'    |                                  
  `-._    `-._`-.__.-'_.-'    _.-'                                   
      `-._    `-.__.-'    _.-'                                       
          `-._        _.-'                                           
              `-.__.-'                                               

1:M 01 Jun 01:52:08.903 # Server started, Redis version 3.2.12
1:M 01 Jun 01:52:08.904 # WARNING overcommit_memory is set to 0! Background save may fail under low memory condition. To fix this issue add 'vm.overcommit_memory = 1' to /etc/sysctl.conf and then reboot or run the command 'sysctl vm.overcommit_memory=1' for this to take effect.
1:M 01 Jun 01:52:08.904 # WARNING you have Transparent Huge Pages (THP) support enabled in your kernel. This will create latency and memory usage issues with Redis. To fix this issue run the command 'echo never > /sys/kernel/mm/transparent_hugepage/enabled' as root, and add it to your /etc/rc.local in order to retain the setting after a reboot. Redis must be restarted after THP is disabled.
1:M 01 Jun 01:52:08.904 * DB loaded from disk: 0.000 seconds
1:M 01 Jun 01:52:08.905 * The server is now ready to accept connections on port 6380
1:M 01 Jun 02:52:09.004 * 1 changes in 3600 seconds. Saving...
1:M 01 Jun 02:52:09.031 * Background saving started by pid 226
226:C 01 Jun 02:52:09.035 * DB saved on disk
226:C 01 Jun 02:52:09.036 * RDB: 0 MB of memory used by copy-on-write
1:M 01 Jun 02:52:09.131 * Background saving terminated with success
1:signal-handler (1622517567) Received SIGTERM scheduling shutdown...
1:M 01 Jun 03:19:27.155 # User requested shutdown...
1:M 01 Jun 03:19:27.155 * Saving the final RDB snapshot before exiting.
1:M 01 Jun 03:19:27.157 * DB saved on disk
1:M 01 Jun 03:19:27.157 * Removing the pid file.
1:M 01 Jun 03:19:27.157 # Redis is now ready to exit, bye bye...
                _._                                                  
           _.-``__ ''-._                                             
      _.-``    `.  `_.  ''-._           Redis 3.2.12 (00000000/0) 64 bit
  .-`` .-```.  ```\/    _.,_ ''-._                                   
 (    '      ,       .-`  | `,    )     Running in standalone mode
 |`-._`-...-` __...-.``-._|'` _.-'|     Port: 6380
 |    `-._   `._    /     _.-'    |     PID: 1
  `-._    `-._  `-./  _.-'    _.-'                                   
 |`-._`-._    `-.__.-'    _.-'_.-'|                                  
 |    `-._`-._        _.-'_.-'    |           http://redis.io        
  `-._    `-._`-.__.-'_.-'    _.-'                                   
 |`-._`-._    `-.__.-'    _.-'_.-'|                                  
 |    `-._`-._        _.-'_.-'    |                                  
  `-._    `-._`-.__.-'_.-'    _.-'                                   
      `-._    `-.__.-'    _.-'                                       
          `-._        _.-'                                           
              `-.__.-'                                               

1:M 01 Jun 03:19:51.083 # Server started, Redis version 3.2.12
1:M 01 Jun 03:19:51.083 # WARNING overcommit_memory is set to 0! Background save may fail under low memory condition. To fix this issue add 'vm.overcommit_memory = 1' to /etc/sysctl.conf and then reboot or run the command 'sysctl vm.overcommit_memory=1' for this to take effect.
1:M 01 Jun 03:19:51.083 # WARNING you have Transparent Huge Pages (THP) support enabled in your kernel. This will create latency and memory usage issues with Redis. To fix this issue run the command 'echo never > /sys/kernel/mm/transparent_hugepage/enabled' as root, and add it to your /etc/rc.local in order to retain the setting after a reboot. Redis must be restarted after THP is disabled.
1:M 01 Jun 03:19:51.084 * DB loaded from disk: 0.000 seconds
1:M 01 Jun 03:19:51.084 * The server is now ready to accept connections on port 6380
1:signal-handler (1622518236) Received SIGTERM scheduling shutdown...
1:M 01 Jun 03:30:36.221 # User requested shutdown...
1:M 01 Jun 03:30:36.221 * Saving the final RDB snapshot before exiting.
1:M 01 Jun 03:30:36.223 * DB saved on disk
1:M 01 Jun 03:30:36.223 * Removing the pid file.
1:M 01 Jun 03:30:36.223 # Redis is now ready to exit, bye bye...
                _._                                                  
           _.-``__ ''-._                                             
      _.-``    `.  `_.  ''-._           Redis 3.2.12 (00000000/0) 64 bit
  .-`` .-```.  ```\/    _.,_ ''-._                                   
 (    '      ,       .-`  | `,    )     Running in standalone mode
 |`-._`-...-` __...-.``-._|'` _.-'|     Port: 6380
 |    `-._   `._    /     _.-'    |     PID: 1
  `-._    `-._  `-./  _.-'    _.-'                                   
 |`-._`-._    `-.__.-'    _.-'_.-'|                                  
 |    `-._`-._        _.-'_.-'    |           http://redis.io        
  `-._    `-._`-.__.-'_.-'    _.-'                                   
 |`-._`-._    `-.__.-'    _.-'_.-'|                                  
 |    `-._`-._        _.-'_.-'    |                                  
  `-._    `-._`-.__.-'_.-'    _.-'                                   
      `-._    `-.__.-'    _.-'                                       
          `-._        _.-'                                           
              `-.__.-'                                               

1:M 01 Jun 03:30:56.231 # Server started, Redis version 3.2.12
1:M 01 Jun 03:30:56.231 # WARNING overcommit_memory is set to 0! Background save may fail under low memory condition. To fix this issue add 'vm.overcommit_memory = 1' to /etc/sysctl.conf and then reboot or run the command 'sysctl vm.overcommit_memory=1' for this to take effect.
1:M 01 Jun 03:30:56.231 # WARNING you have Transparent Huge Pages (THP) support enabled in your kernel. This will create latency and memory usage issues with Redis. To fix this issue run the command 'echo never > /sys/kernel/mm/transparent_hugepage/enabled' as root, and add it to your /etc/rc.local in order to retain the setting after a reboot. Redis must be restarted after THP is disabled.
1:M 01 Jun 03:30:56.231 * DB loaded from disk: 0.000 seconds
1:M 01 Jun 03:30:56.231 * The server is now ready to accept connections on port 6380
1:signal-handler (1622518258) Received SIGTERM scheduling shutdown...
1:M 01 Jun 03:30:58.140 # User requested shutdown...
1:M 01 Jun 03:30:58.140 * Saving the final RDB snapshot before exiting.
1:M 01 Jun 03:30:58.142 * DB saved on disk
1:M 01 Jun 03:30:58.142 * Removing the pid file.
1:M 01 Jun 03:30:58.142 # Redis is now ready to exit, bye bye...
                _._                                                  
           _.-``__ ''-._                                             
      _.-``    `.  `_.  ''-._           Redis 3.2.12 (00000000/0) 64 bit
  .-`` .-```.  ```\/    _.,_ ''-._                                   
 (    '      ,       .-`  | `,    )     Running in standalone mode
 |`-._`-...-` __...-.``-._|'` _.-'|     Port: 6380
 |    `-._   `._    /     _.-'    |     PID: 1
  `-._    `-._  `-./  _.-'    _.-'                                   
 |`-._`-._    `-.__.-'    _.-'_.-'|                                  
 |    `-._`-._        _.-'_.-'    |           http://redis.io        
  `-._    `-._`-.__.-'_.-'    _.-'                                   
 |`-._`-._    `-.__.-'    _.-'_.-'|                                  
 |    `-._`-._        _.-'_.-'    |                                  
  `-._    `-._`-.__.-'_.-'    _.-'                                   
      `-._    `-.__.-'    _.-'                                       
          `-._        _.-'                                           
              `-.__.-'                                               

1:M 01 Jun 03:33:54.695 # Server started, Redis version 3.2.12
1:M 01 Jun 03:33:54.695 # WARNING overcommit_memory is set to 0! Background save may fail under low memory condition. To fix this issue add 'vm.overcommit_memory = 1' to /etc/sysctl.conf and then reboot or run the command 'sysctl vm.overcommit_memory=1' for this to take effect.
1:M 01 Jun 03:33:54.695 # WARNING you have Transparent Huge Pages (THP) support enabled in your kernel. This will create latency and memory usage issues with Redis. To fix this issue run the command 'echo never > /sys/kernel/mm/transparent_hugepage/enabled' as root, and add it to your /etc/rc.local in order to retain the setting after a reboot. Redis must be restarted after THP is disabled.
1:M 01 Jun 03:33:54.695 * DB loaded from disk: 0.000 seconds
1:M 01 Jun 03:33:54.695 * The server is now ready to accept connections on port 6380
